[DEBUG] 2022-09-20 13:42:35.420 [main] PackageRelationshipCollection - Parsing relationship: /xl/_rels/workbook.xml.rels
[DEBUG] 2022-09-20 13:42:35.443 [main] PackageRelationshipCollection - Parsing relationship: /_rels/.rels
[TRACE] 2022-09-20 13:42:35.764 [main] XBeanDebug - Loading type system org.apache.poi.schemas.ooxml.system.ooxml
[TRACE] 2022-09-20 13:42:35.769 [main] XBeanDebug - Loading type system org.apache.xmlbeans.metadata.system.sXMLCONFIG
[TRACE] 2022-09-20 13:42:35.770 [main] XBeanDebug - Loading type system org.apache.xmlbeans.metadata.system.sXMLLANG
[TRACE] 2022-09-20 13:42:35.771 [main] XBeanDebug - Loading type system org.apache.xmlbeans.metadata.system.sXMLSCHEMA
[TRACE] 2022-09-20 13:42:35.773 [main] XBeanDebug - Loading type system org.apache.xmlbeans.metadata.system.sXMLTOOLS
[TRACE] 2022-09-20 13:42:35.774 [main] XBeanDebug - Reading unresolved handles for type system org.apache.xmlbeans.metadata.system.sXMLTOOLS
[TRACE] 2022-09-20 13:42:35.795 [main] XBeanDebug - Finished loading type system org.apache.xmlbeans.metadata.system.sXMLTOOLS
[TRACE] 2022-09-20 13:42:35.796 [main] XBeanDebug - Reading unresolved handles for type system org.apache.xmlbeans.metadata.system.sXMLSCHEMA
[TRACE] 2022-09-20 13:42:35.804 [main] XBeanDebug - Finished loading type system org.apache.xmlbeans.metadata.system.sXMLSCHEMA
[TRACE] 2022-09-20 13:42:35.805 [main] XBeanDebug - Reading unresolved handles for type system org.apache.xmlbeans.metadata.system.sXMLLANG
[TRACE] 2022-09-20 13:42:35.807 [main] XBeanDebug - Finished loading type system org.apache.xmlbeans.metadata.system.sXMLLANG
[TRACE] 2022-09-20 13:42:35.808 [main] XBeanDebug - Reading unresolved handles for type system org.apache.xmlbeans.metadata.system.sXMLCONFIG
[TRACE] 2022-09-20 13:42:35.810 [main] XBeanDebug - Finished loading type system org.apache.xmlbeans.metadata.system.sXMLCONFIG
[TRACE] 2022-09-20 13:42:35.812 [main] XBeanDebug - Reading unresolved handles for type system org.apache.poi.schemas.ooxml.system.ooxml
[TRACE] 2022-09-20 13:42:35.890 [main] XBeanDebug - Finished loading type system org.apache.poi.schemas.ooxml.system.ooxml
[TRACE] 2022-09-20 13:42:35.891 [main] XBeanDebug - Resolving type for handle themefd26doctype
[TRACE] 2022-09-20 13:42:35.997 [main] XBeanDebug - Resolving type for handle stylesheet5d8bdoctype
[TRACE] 2022-09-20 13:42:36.003 [main] XBeanDebug - Resolving type for handle ctstylesheet4257type
[TRACE] 2022-09-20 13:42:36.013 [main] XBeanDebug - Resolving type for handle ctfonts6623type
[TRACE] 2022-09-20 13:42:36.019 [main] XBeanDebug - Resolving type for handle ctfont14d8type
[TRACE] 2022-09-20 13:42:36.027 [main] XBeanDebug - Resolving type for handle ctfills2c6ftype
[TRACE] 2022-09-20 13:42:36.033 [main] XBeanDebug - Resolving type for handle ctfill550ctype
[TRACE] 2022-09-20 13:42:36.037 [main] XBeanDebug - Resolving type for handle ctborders0d66type
[TRACE] 2022-09-20 13:42:36.041 [main] XBeanDebug - Resolving type for handle ctborderf935type
[TRACE] 2022-09-20 13:42:36.047 [main] XBeanDebug - Resolving type for handle ctcellxfs1322type
[TRACE] 2022-09-20 13:42:36.052 [main] XBeanDebug - Resolving type for handle ctxf97f7type
[TRACE] 2022-09-20 13:42:36.057 [main] XBeanDebug - Resolving type for handle ctcellstylexfsa81ftype
[TRACE] 2022-09-20 13:42:36.060 [main] XBeanDebug - Resolving type for handle ctdxfsb26atype
[TRACE] 2022-09-20 13:42:36.064 [main] XBeanDebug - Resolving type for handle cttablestyles872ftype
[TRACE] 2022-09-20 13:42:36.069 [main] XBeanDebug - Resolving type for handle sstf81fdoctype
[TRACE] 2022-09-20 13:42:36.076 [main] XBeanDebug - Resolving type for handle ctsst44f3type
[TRACE] 2022-09-20 13:42:36.091 [main] XBeanDebug - Resolving type for handle ctrsta472type
[TRACE] 2022-09-20 13:42:36.113 [main] XBeanDebug - Resolving type for handle workbookec17doctype
[TRACE] 2022-09-20 13:42:36.118 [main] XBeanDebug - Resolving type for handle ctworkbook83c3type
[TRACE] 2022-09-20 13:42:36.124 [main] XBeanDebug - Resolving type for handle ctsheets49fdtype
[TRACE] 2022-09-20 13:42:36.127 [main] XBeanDebug - Resolving type for handle ctsheet4dbetype
[TRACE] 2022-09-20 13:42:36.131 [main] XBeanDebug - Resolving type for handle strelationshipid1e94type
[TRACE] 2022-09-20 13:42:36.135 [main] XBeanDebug - Resolving type for handle worksheetf539doctype
[TRACE] 2022-09-20 13:42:36.142 [main] XBeanDebug - Resolving type for handle ctworksheet530dtype
[TRACE] 2022-09-20 13:42:36.150 [main] XBeanDebug - Resolving type for handle ctsheetdata8408type
[TRACE] 2022-09-20 13:42:36.154 [main] XBeanDebug - Resolving type for handle ctrowdd39type
[TRACE] 2022-09-20 13:42:36.162 [main] XBeanDebug - Resolving type for handle ctcell842btype
[TRACE] 2022-09-20 13:42:36.172 [main] XBeanDebug - Resolving type for handle stcellrefe4e0type
[TRACE] 2022-09-20 13:42:36.182 [main] XBeanDebug - Resolving type for handle ctcols627ctype
[TRACE] 2022-09-20 13:42:36.190 [main] XBeanDebug - Resolving type for handle ctcola95ftype
[TRACE] 2022-09-20 13:42:36.218 [main] XBeanDebug - Resolving type for handle stxstringf179type
[DEBUG] 2022-09-20 13:42:36.365 [main] ZipPackage - Save content types part
[DEBUG] 2022-09-20 13:42:36.460 [main] ZipPackage - Save package relationships
[DEBUG] 2022-09-20 13:42:36.467 [main] ZipPackage - Save part 'docProps/app.xml'
[DEBUG] 2022-09-20 13:42:36.469 [main] ZipPackage - Save part 'docProps/core.xml'
[DEBUG] 2022-09-20 13:42:36.474 [main] ZipPackage - Save part 'xl/sharedStrings.xml'
[DEBUG] 2022-09-20 13:42:36.475 [main] ZipPackage - Save part 'xl/styles.xml'
[DEBUG] 2022-09-20 13:42:36.476 [main] ZipPackage - Save part 'xl/theme/theme1.xml'
[DEBUG] 2022-09-20 13:42:36.477 [main] ZipPackage - Save part 'xl/workbook.xml'
[DEBUG] 2022-09-20 13:42:36.481 [main] ZipPackage - Save part 'xl/worksheets/sheet1.xml'
[TRACE] 2022-09-20 13:42:36.495 [main] XBeanDebug - Resolving type for handle stcelltypebf95type
[DEBUG] 2022-09-20 13:47:03.500 [main] PackageRelationshipCollection - Parsing relationship: /xl/_rels/workbook.xml.rels
[DEBUG] 2022-09-20 13:47:03.508 [main] PackageRelationshipCollection - Parsing relationship: /_rels/.rels
[TRACE] 2022-09-20 13:47:03.741 [main] XBeanDebug - Loading type system org.apache.poi.schemas.ooxml.system.ooxml
[TRACE] 2022-09-20 13:47:03.745 [main] XBeanDebug - Loading type system org.apache.xmlbeans.metadata.system.sXMLCONFIG
[TRACE] 2022-09-20 13:47:03.745 [main] XBeanDebug - Loading type system org.apache.xmlbeans.metadata.system.sXMLLANG
[TRACE] 2022-09-20 13:47:03.746 [main] XBeanDebug - Loading type system org.apache.xmlbeans.metadata.system.sXMLSCHEMA
[TRACE] 2022-09-20 13:47:03.747 [main] XBeanDebug - Loading type system org.apache.xmlbeans.metadata.system.sXMLTOOLS
[TRACE] 2022-09-20 13:47:03.749 [main] XBeanDebug - Reading unresolved handles for type system org.apache.xmlbeans.metadata.system.sXMLTOOLS
[TRACE] 2022-09-20 13:47:03.767 [main] XBeanDebug - Finished loading type system org.apache.xmlbeans.metadata.system.sXMLTOOLS
[TRACE] 2022-09-20 13:47:03.768 [main] XBeanDebug - Reading unresolved handles for type system org.apache.xmlbeans.metadata.system.sXMLSCHEMA
[TRACE] 2022-09-20 13:47:03.778 [main] XBeanDebug - Finished loading type system org.apache.xmlbeans.metadata.system.sXMLSCHEMA
[TRACE] 2022-09-20 13:47:03.780 [main] XBeanDebug - Reading unresolved handles for type system org.apache.xmlbeans.metadata.system.sXMLLANG
[TRACE] 2022-09-20 13:47:03.782 [main] XBeanDebug - Finished loading type system org.apache.xmlbeans.metadata.system.sXMLLANG
[TRACE] 2022-09-20 13:47:03.783 [main] XBeanDebug - Reading unresolved handles for type system org.apache.xmlbeans.metadata.system.sXMLCONFIG
[TRACE] 2022-09-20 13:47:03.785 [main] XBeanDebug - Finished loading type system org.apache.xmlbeans.metadata.system.sXMLCONFIG
[TRACE] 2022-09-20 13:47:03.786 [main] XBeanDebug - Reading unresolved handles for type system org.apache.poi.schemas.ooxml.system.ooxml
[TRACE] 2022-09-20 13:47:03.861 [main] XBeanDebug - Finished loading type system org.apache.poi.schemas.ooxml.system.ooxml
[TRACE] 2022-09-20 13:47:03.863 [main] XBeanDebug - Resolving type for handle themefd26doctype
[TRACE] 2022-09-20 13:47:03.948 [main] XBeanDebug - Resolving type for handle stylesheet5d8bdoctype
[TRACE] 2022-09-20 13:47:03.956 [main] XBeanDebug - Resolving type for handle ctstylesheet4257type
[TRACE] 2022-09-20 13:47:03.962 [main] XBeanDebug - Resolving type for handle ctfonts6623type
[TRACE] 2022-09-20 13:47:03.966 [main] XBeanDebug - Resolving type for handle ctfont14d8type
[TRACE] 2022-09-20 13:47:03.972 [main] XBeanDebug - Resolving type for handle ctfills2c6ftype
[TRACE] 2022-09-20 13:47:03.975 [main] XBeanDebug - Resolving type for handle ctfill550ctype
[TRACE] 2022-09-20 13:47:03.978 [main] XBeanDebug - Resolving type for handle ctborders0d66type
[TRACE] 2022-09-20 13:47:03.981 [main] XBeanDebug - Resolving type for handle ctborderf935type
[TRACE] 2022-09-20 13:47:03.984 [main] XBeanDebug - Resolving type for handle ctcellxfs1322type
[TRACE] 2022-09-20 13:47:03.987 [main] XBeanDebug - Resolving type for handle ctxf97f7type
[TRACE] 2022-09-20 13:47:03.991 [main] XBeanDebug - Resolving type for handle ctcellstylexfsa81ftype
[TRACE] 2022-09-20 13:47:03.994 [main] XBeanDebug - Resolving type for handle ctdxfsb26atype
[TRACE] 2022-09-20 13:47:03.998 [main] XBeanDebug - Resolving type for handle cttablestyles872ftype
[TRACE] 2022-09-20 13:47:04.002 [main] XBeanDebug - Resolving type for handle sstf81fdoctype
[TRACE] 2022-09-20 13:47:04.008 [main] XBeanDebug - Resolving type for handle ctsst44f3type
[TRACE] 2022-09-20 13:47:04.018 [main] XBeanDebug - Resolving type for handle ctrsta472type
[TRACE] 2022-09-20 13:47:04.035 [main] XBeanDebug - Resolving type for handle workbookec17doctype
[TRACE] 2022-09-20 13:47:04.041 [main] XBeanDebug - Resolving type for handle ctworkbook83c3type
[TRACE] 2022-09-20 13:47:04.046 [main] XBeanDebug - Resolving type for handle ctsheets49fdtype
[TRACE] 2022-09-20 13:47:04.048 [main] XBeanDebug - Resolving type for handle ctsheet4dbetype
[TRACE] 2022-09-20 13:47:04.051 [main] XBeanDebug - Resolving type for handle strelationshipid1e94type
[TRACE] 2022-09-20 13:47:04.053 [main] XBeanDebug - Resolving type for handle worksheetf539doctype
[TRACE] 2022-09-20 13:47:04.060 [main] XBeanDebug - Resolving type for handle ctworksheet530dtype
[TRACE] 2022-09-20 13:47:04.069 [main] XBeanDebug - Resolving type for handle ctsheetdata8408type
[TRACE] 2022-09-20 13:47:04.072 [main] XBeanDebug - Resolving type for handle ctrowdd39type
[TRACE] 2022-09-20 13:47:04.078 [main] XBeanDebug - Resolving type for handle ctcell842btype
[TRACE] 2022-09-20 13:47:04.086 [main] XBeanDebug - Resolving type for handle stcellrefe4e0type
[TRACE] 2022-09-20 13:47:04.094 [main] XBeanDebug - Resolving type for handle ctcols627ctype
[TRACE] 2022-09-20 13:47:04.102 [main] XBeanDebug - Resolving type for handle ctcola95ftype
[TRACE] 2022-09-20 13:47:04.125 [main] XBeanDebug - Resolving type for handle stxstringf179type
[DEBUG] 2022-09-20 13:47:04.229 [main] ZipPackage - Save content types part
[DEBUG] 2022-09-20 13:47:04.328 [main] ZipPackage - Save package relationships
[DEBUG] 2022-09-20 13:47:04.340 [main] ZipPackage - Save part 'docProps/app.xml'
[DEBUG] 2022-09-20 13:47:04.341 [main] ZipPackage - Save part 'docProps/core.xml'
[DEBUG] 2022-09-20 13:47:04.347 [main] ZipPackage - Save part 'xl/sharedStrings.xml'
[DEBUG] 2022-09-20 13:47:04.347 [main] ZipPackage - Save part 'xl/styles.xml'
[DEBUG] 2022-09-20 13:47:04.348 [main] ZipPackage - Save part 'xl/theme/theme1.xml'
[DEBUG] 2022-09-20 13:47:04.349 [main] ZipPackage - Save part 'xl/workbook.xml'
[DEBUG] 2022-09-20 13:47:04.354 [main] ZipPackage - Save part 'xl/worksheets/sheet1.xml'
[TRACE] 2022-09-20 13:47:04.366 [main] XBeanDebug - Resolving type for handle stcelltypebf95type
[DEBUG] 2022-09-20 13:54:44.523 [main] PackageRelationshipCollection - Parsing relationship: /xl/_rels/workbook.xml.rels
[DEBUG] 2022-09-20 13:54:44.534 [main] PackageRelationshipCollection - Parsing relationship: /_rels/.rels
[TRACE] 2022-09-20 13:54:44.787 [main] XBeanDebug - Loading type system org.apache.poi.schemas.ooxml.system.ooxml
[TRACE] 2022-09-20 13:54:44.790 [main] XBeanDebug - Loading type system org.apache.xmlbeans.metadata.system.sXMLCONFIG
[TRACE] 2022-09-20 13:54:44.791 [main] XBeanDebug - Loading type system org.apache.xmlbeans.metadata.system.sXMLLANG
[TRACE] 2022-09-20 13:54:44.792 [main] XBeanDebug - Loading type system org.apache.xmlbeans.metadata.system.sXMLSCHEMA
[TRACE] 2022-09-20 13:54:44.793 [main] XBeanDebug - Loading type system org.apache.xmlbeans.metadata.system.sXMLTOOLS
[TRACE] 2022-09-20 13:54:44.794 [main] XBeanDebug - Reading unresolved handles for type system org.apache.xmlbeans.metadata.system.sXMLTOOLS
[TRACE] 2022-09-20 13:54:44.813 [main] XBeanDebug - Finished loading type system org.apache.xmlbeans.metadata.system.sXMLTOOLS
[TRACE] 2022-09-20 13:54:44.814 [main] XBeanDebug - Reading unresolved handles for type system org.apache.xmlbeans.metadata.system.sXMLSCHEMA
[TRACE] 2022-09-20 13:54:44.824 [main] XBeanDebug - Finished loading type system org.apache.xmlbeans.metadata.system.sXMLSCHEMA
[TRACE] 2022-09-20 13:54:44.825 [main] XBeanDebug - Reading unresolved handles for type system org.apache.xmlbeans.metadata.system.sXMLLANG
[TRACE] 2022-09-20 13:54:44.827 [main] XBeanDebug - Finished loading type system org.apache.xmlbeans.metadata.system.sXMLLANG
[TRACE] 2022-09-20 13:54:44.828 [main] XBeanDebug - Reading unresolved handles for type system org.apache.xmlbeans.metadata.system.sXMLCONFIG
[TRACE] 2022-09-20 13:54:44.829 [main] XBeanDebug - Finished loading type system org.apache.xmlbeans.metadata.system.sXMLCONFIG
[TRACE] 2022-09-20 13:54:44.830 [main] XBeanDebug - Reading unresolved handles for type system org.apache.poi.schemas.ooxml.system.ooxml
[TRACE] 2022-09-20 13:54:44.910 [main] XBeanDebug - Finished loading type system org.apache.poi.schemas.ooxml.system.ooxml
[TRACE] 2022-09-20 13:54:44.912 [main] XBeanDebug - Resolving type for handle themefd26doctype
[TRACE] 2022-09-20 13:54:45.006 [main] XBeanDebug - Resolving type for handle stylesheet5d8bdoctype
[TRACE] 2022-09-20 13:54:45.016 [main] XBeanDebug - Resolving type for handle ctstylesheet4257type
[TRACE] 2022-09-20 13:54:45.023 [main] XBeanDebug - Resolving type for handle ctfonts6623type
[TRACE] 2022-09-20 13:54:45.026 [main] XBeanDebug - Resolving type for handle ctfont14d8type
[TRACE] 2022-09-20 13:54:45.033 [main] XBeanDebug - Resolving type for handle ctfills2c6ftype
[TRACE] 2022-09-20 13:54:45.036 [main] XBeanDebug - Resolving type for handle ctfill550ctype
[TRACE] 2022-09-20 13:54:45.039 [main] XBeanDebug - Resolving type for handle ctborders0d66type
[TRACE] 2022-09-20 13:54:45.042 [main] XBeanDebug - Resolving type for handle ctborderf935type
[TRACE] 2022-09-20 13:54:45.047 [main] XBeanDebug - Resolving type for handle ctcellxfs1322type
[TRACE] 2022-09-20 13:54:45.050 [main] XBeanDebug - Resolving type for handle ctxf97f7type
[TRACE] 2022-09-20 13:54:45.053 [main] XBeanDebug - Resolving type for handle ctcellstylexfsa81ftype
[TRACE] 2022-09-20 13:54:45.056 [main] XBeanDebug - Resolving type for handle ctdxfsb26atype
[TRACE] 2022-09-20 13:54:45.058 [main] XBeanDebug - Resolving type for handle cttablestyles872ftype
[TRACE] 2022-09-20 13:54:45.063 [main] XBeanDebug - Resolving type for handle sstf81fdoctype
[TRACE] 2022-09-20 13:54:45.068 [main] XBeanDebug - Resolving type for handle ctsst44f3type
[TRACE] 2022-09-20 13:54:45.077 [main] XBeanDebug - Resolving type for handle ctrsta472type
[TRACE] 2022-09-20 13:54:45.092 [main] XBeanDebug - Resolving type for handle workbookec17doctype
[TRACE] 2022-09-20 13:54:45.097 [main] XBeanDebug - Resolving type for handle ctworkbook83c3type
[TRACE] 2022-09-20 13:54:45.102 [main] XBeanDebug - Resolving type for handle ctsheets49fdtype
[TRACE] 2022-09-20 13:54:45.104 [main] XBeanDebug - Resolving type for handle ctsheet4dbetype
[TRACE] 2022-09-20 13:54:45.107 [main] XBeanDebug - Resolving type for handle strelationshipid1e94type
[TRACE] 2022-09-20 13:54:45.110 [main] XBeanDebug - Resolving type for handle worksheetf539doctype
[TRACE] 2022-09-20 13:54:45.117 [main] XBeanDebug - Resolving type for handle ctworksheet530dtype
[TRACE] 2022-09-20 13:54:45.126 [main] XBeanDebug - Resolving type for handle ctsheetdata8408type
[TRACE] 2022-09-20 13:54:45.129 [main] XBeanDebug - Resolving type for handle ctrowdd39type
[TRACE] 2022-09-20 13:54:45.135 [main] XBeanDebug - Resolving type for handle ctcell842btype
[TRACE] 2022-09-20 13:54:45.141 [main] XBeanDebug - Resolving type for handle stcellrefe4e0type
[TRACE] 2022-09-20 13:54:45.150 [main] XBeanDebug - Resolving type for handle ctcols627ctype
[TRACE] 2022-09-20 13:54:45.157 [main] XBeanDebug - Resolving type for handle ctcola95ftype
[TRACE] 2022-09-20 13:54:45.178 [main] XBeanDebug - Resolving type for handle stxstringf179type
[DEBUG] 2022-09-20 13:54:45.281 [main] ZipPackage - Save content types part
[DEBUG] 2022-09-20 13:54:45.375 [main] ZipPackage - Save package relationships
[DEBUG] 2022-09-20 13:54:45.382 [main] ZipPackage - Save part 'docProps/app.xml'
[DEBUG] 2022-09-20 13:54:45.384 [main] ZipPackage - Save part 'docProps/core.xml'
[DEBUG] 2022-09-20 13:54:45.388 [main] ZipPackage - Save part 'xl/sharedStrings.xml'
[DEBUG] 2022-09-20 13:54:45.389 [main] ZipPackage - Save part 'xl/styles.xml'
[DEBUG] 2022-09-20 13:54:45.389 [main] ZipPackage - Save part 'xl/theme/theme1.xml'
[DEBUG] 2022-09-20 13:54:45.390 [main] ZipPackage - Save part 'xl/workbook.xml'
[DEBUG] 2022-09-20 13:54:45.392 [main] ZipPackage - Save part 'xl/worksheets/sheet1.xml'
[TRACE] 2022-09-20 13:54:45.404 [main] XBeanDebug - Resolving type for handle stcelltypebf95type
[DEBUG] 2022-09-20 14:10:49.480 [main] PackageRelationshipCollection - Parsing relationship: /xl/_rels/workbook.xml.rels
[DEBUG] 2022-09-20 14:10:49.487 [main] PackageRelationshipCollection - Parsing relationship: /_rels/.rels
[TRACE] 2022-09-20 14:10:49.741 [main] XBeanDebug - Loading type system org.apache.poi.schemas.ooxml.system.ooxml
[TRACE] 2022-09-20 14:10:49.744 [main] XBeanDebug - Loading type system org.apache.xmlbeans.metadata.system.sXMLCONFIG
[TRACE] 2022-09-20 14:10:49.746 [main] XBeanDebug - Loading type system org.apache.xmlbeans.metadata.system.sXMLLANG
[TRACE] 2022-09-20 14:10:49.747 [main] XBeanDebug - Loading type system org.apache.xmlbeans.metadata.system.sXMLSCHEMA
[TRACE] 2022-09-20 14:10:49.748 [main] XBeanDebug - Loading type system org.apache.xmlbeans.metadata.system.sXMLTOOLS
[TRACE] 2022-09-20 14:10:49.750 [main] XBeanDebug - Reading unresolved handles for type system org.apache.xmlbeans.metadata.system.sXMLTOOLS
[TRACE] 2022-09-20 14:10:49.771 [main] XBeanDebug - Finished loading type system org.apache.xmlbeans.metadata.system.sXMLTOOLS
[TRACE] 2022-09-20 14:10:49.772 [main] XBeanDebug - Reading unresolved handles for type system org.apache.xmlbeans.metadata.system.sXMLSCHEMA
[TRACE] 2022-09-20 14:10:49.780 [main] XBeanDebug - Finished loading type system org.apache.xmlbeans.metadata.system.sXMLSCHEMA
[TRACE] 2022-09-20 14:10:49.781 [main] XBeanDebug - Reading unresolved handles for type system org.apache.xmlbeans.metadata.system.sXMLLANG
[TRACE] 2022-09-20 14:10:49.782 [main] XBeanDebug - Finished loading type system org.apache.xmlbeans.metadata.system.sXMLLANG
[TRACE] 2022-09-20 14:10:49.783 [main] XBeanDebug - Reading unresolved handles for type system org.apache.xmlbeans.metadata.system.sXMLCONFIG
[TRACE] 2022-09-20 14:10:49.785 [main] XBeanDebug - Finished loading type system org.apache.xmlbeans.metadata.system.sXMLCONFIG
[TRACE] 2022-09-20 14:10:49.786 [main] XBeanDebug - Reading unresolved handles for type system org.apache.poi.schemas.ooxml.system.ooxml
[TRACE] 2022-09-20 14:10:49.875 [main] XBeanDebug - Finished loading type system org.apache.poi.schemas.ooxml.system.ooxml
[TRACE] 2022-09-20 14:10:49.876 [main] XBeanDebug - Resolving type for handle themefd26doctype
[TRACE] 2022-09-20 14:10:49.939 [main] XBeanDebug - Resolving type for handle stylesheet5d8bdoctype
[TRACE] 2022-09-20 14:10:49.943 [main] XBeanDebug - Resolving type for handle ctstylesheet4257type
[TRACE] 2022-09-20 14:10:49.948 [main] XBeanDebug - Resolving type for handle ctfonts6623type
[TRACE] 2022-09-20 14:10:49.951 [main] XBeanDebug - Resolving type for handle ctfont14d8type
[TRACE] 2022-09-20 14:10:49.956 [main] XBeanDebug - Resolving type for handle ctfills2c6ftype
[TRACE] 2022-09-20 14:10:49.958 [main] XBeanDebug - Resolving type for handle ctfill550ctype
[TRACE] 2022-09-20 14:10:49.959 [main] XBeanDebug - Resolving type for handle ctborders0d66type
[TRACE] 2022-09-20 14:10:49.963 [main] XBeanDebug - Resolving type for handle ctborderf935type
[TRACE] 2022-09-20 14:10:49.966 [main] XBeanDebug - Resolving type for handle ctcellxfs1322type
[TRACE] 2022-09-20 14:10:49.968 [main] XBeanDebug - Resolving type for handle ctxf97f7type
[TRACE] 2022-09-20 14:10:49.970 [main] XBeanDebug - Resolving type for handle ctcellstylexfsa81ftype
[TRACE] 2022-09-20 14:10:49.972 [main] XBeanDebug - Resolving type for handle ctdxfsb26atype
[TRACE] 2022-09-20 14:10:49.974 [main] XBeanDebug - Resolving type for handle cttablestyles872ftype
[TRACE] 2022-09-20 14:10:49.978 [main] XBeanDebug - Resolving type for handle sstf81fdoctype
[TRACE] 2022-09-20 14:10:49.981 [main] XBeanDebug - Resolving type for handle ctsst44f3type
[TRACE] 2022-09-20 14:10:49.990 [main] XBeanDebug - Resolving type for handle ctrsta472type
[TRACE] 2022-09-20 14:10:50.005 [main] XBeanDebug - Resolving type for handle workbookec17doctype
[TRACE] 2022-09-20 14:10:50.009 [main] XBeanDebug - Resolving type for handle ctworkbook83c3type
[TRACE] 2022-09-20 14:10:50.014 [main] XBeanDebug - Resolving type for handle ctsheets49fdtype
[TRACE] 2022-09-20 14:10:50.017 [main] XBeanDebug - Resolving type for handle ctsheet4dbetype
[TRACE] 2022-09-20 14:10:50.019 [main] XBeanDebug - Resolving type for handle strelationshipid1e94type
[TRACE] 2022-09-20 14:10:50.022 [main] XBeanDebug - Resolving type for handle worksheetf539doctype
[TRACE] 2022-09-20 14:10:50.027 [main] XBeanDebug - Resolving type for handle ctworksheet530dtype
[TRACE] 2022-09-20 14:10:50.033 [main] XBeanDebug - Resolving type for handle ctsheetdata8408type
[TRACE] 2022-09-20 14:10:50.035 [main] XBeanDebug - Resolving type for handle ctrowdd39type
[TRACE] 2022-09-20 14:10:50.039 [main] XBeanDebug - Resolving type for handle ctcell842btype
[TRACE] 2022-09-20 14:10:50.047 [main] XBeanDebug - Resolving type for handle stcellrefe4e0type
[TRACE] 2022-09-20 14:10:50.056 [main] XBeanDebug - Resolving type for handle ctcols627ctype
[TRACE] 2022-09-20 14:10:50.061 [main] XBeanDebug - Resolving type for handle ctcola95ftype
[TRACE] 2022-09-20 14:10:50.081 [main] XBeanDebug - Resolving type for handle stxstringf179type
[DEBUG] 2022-09-20 14:10:50.089 [main] ZipPackage - Save content types part
[DEBUG] 2022-09-20 14:10:50.158 [main] ZipPackage - Save package relationships
[DEBUG] 2022-09-20 14:10:50.167 [main] ZipPackage - Save part 'docProps/app.xml'
[DEBUG] 2022-09-20 14:10:50.168 [main] ZipPackage - Save part 'docProps/core.xml'
[DEBUG] 2022-09-20 14:10:50.172 [main] ZipPackage - Save part 'xl/sharedStrings.xml'
[DEBUG] 2022-09-20 14:10:50.173 [main] ZipPackage - Save part 'xl/styles.xml'
[DEBUG] 2022-09-20 14:10:50.174 [main] ZipPackage - Save part 'xl/theme/theme1.xml'
[DEBUG] 2022-09-20 14:10:50.174 [main] ZipPackage - Save part 'xl/workbook.xml'
[DEBUG] 2022-09-20 14:10:50.177 [main] ZipPackage - Save part 'xl/worksheets/sheet1.xml'
[TRACE] 2022-09-20 14:10:50.188 [main] XBeanDebug - Resolving type for handle stcelltypebf95type
[DEBUG] 2022-09-20 14:16:29.904 [main] PackageRelationshipCollection - Parsing relationship: /xl/_rels/workbook.xml.rels
[DEBUG] 2022-09-20 14:16:29.913 [main] PackageRelationshipCollection - Parsing relationship: /_rels/.rels
[TRACE] 2022-09-20 14:16:30.151 [main] XBeanDebug - Loading type system org.apache.poi.schemas.ooxml.system.ooxml
[TRACE] 2022-09-20 14:16:30.156 [main] XBeanDebug - Loading type system org.apache.xmlbeans.metadata.system.sXMLCONFIG
[TRACE] 2022-09-20 14:16:30.157 [main] XBeanDebug - Loading type system org.apache.xmlbeans.metadata.system.sXMLLANG
[TRACE] 2022-09-20 14:16:30.158 [main] XBeanDebug - Loading type system org.apache.xmlbeans.metadata.system.sXMLSCHEMA
[TRACE] 2022-09-20 14:16:30.159 [main] XBeanDebug - Loading type system org.apache.xmlbeans.metadata.system.sXMLTOOLS
[TRACE] 2022-09-20 14:16:30.160 [main] XBeanDebug - Reading unresolved handles for type system org.apache.xmlbeans.metadata.system.sXMLTOOLS
[TRACE] 2022-09-20 14:16:30.179 [main] XBeanDebug - Finished loading type system org.apache.xmlbeans.metadata.system.sXMLTOOLS
[TRACE] 2022-09-20 14:16:30.180 [main] XBeanDebug - Reading unresolved handles for type system org.apache.xmlbeans.metadata.system.sXMLSCHEMA
[TRACE] 2022-09-20 14:16:30.189 [main] XBeanDebug - Finished loading type system org.apache.xmlbeans.metadata.system.sXMLSCHEMA
[TRACE] 2022-09-20 14:16:30.191 [main] XBeanDebug - Reading unresolved handles for type system org.apache.xmlbeans.metadata.system.sXMLLANG
[TRACE] 2022-09-20 14:16:30.193 [main] XBeanDebug - Finished loading type system org.apache.xmlbeans.metadata.system.sXMLLANG
[TRACE] 2022-09-20 14:16:30.194 [main] XBeanDebug - Reading unresolved handles for type system org.apache.xmlbeans.metadata.system.sXMLCONFIG
[TRACE] 2022-09-20 14:16:30.196 [main] XBeanDebug - Finished loading type system org.apache.xmlbeans.metadata.system.sXMLCONFIG
[TRACE] 2022-09-20 14:16:30.198 [main] XBeanDebug - Reading unresolved handles for type system org.apache.poi.schemas.ooxml.system.ooxml
[TRACE] 2022-09-20 14:16:30.289 [main] XBeanDebug - Finished loading type system org.apache.poi.schemas.ooxml.system.ooxml
[TRACE] 2022-09-20 14:16:30.291 [main] XBeanDebug - Resolving type for handle themefd26doctype
[TRACE] 2022-09-20 14:16:30.371 [main] XBeanDebug - Resolving type for handle stylesheet5d8bdoctype
[TRACE] 2022-09-20 14:16:30.376 [main] XBeanDebug - Resolving type for handle ctstylesheet4257type
[TRACE] 2022-09-20 14:16:30.382 [main] XBeanDebug - Resolving type for handle ctfonts6623type
[TRACE] 2022-09-20 14:16:30.385 [main] XBeanDebug - Resolving type for handle ctfont14d8type
[TRACE] 2022-09-20 14:16:30.390 [main] XBeanDebug - Resolving type for handle ctfills2c6ftype
[TRACE] 2022-09-20 14:16:30.392 [main] XBeanDebug - Resolving type for handle ctfill550ctype
[TRACE] 2022-09-20 14:16:30.394 [main] XBeanDebug - Resolving type for handle ctborders0d66type
[TRACE] 2022-09-20 14:16:30.397 [main] XBeanDebug - Resolving type for handle ctborderf935type
[TRACE] 2022-09-20 14:16:30.400 [main] XBeanDebug - Resolving type for handle ctcellxfs1322type
[TRACE] 2022-09-20 14:16:30.402 [main] XBeanDebug - Resolving type for handle ctxf97f7type
[TRACE] 2022-09-20 14:16:30.406 [main] XBeanDebug - Resolving type for handle ctcellstylexfsa81ftype
[TRACE] 2022-09-20 14:16:30.408 [main] XBeanDebug - Resolving type for handle ctdxfsb26atype
[TRACE] 2022-09-20 14:16:30.410 [main] XBeanDebug - Resolving type for handle cttablestyles872ftype
[TRACE] 2022-09-20 14:16:30.414 [main] XBeanDebug - Resolving type for handle sstf81fdoctype
[TRACE] 2022-09-20 14:16:30.418 [main] XBeanDebug - Resolving type for handle ctsst44f3type
[TRACE] 2022-09-20 14:16:30.428 [main] XBeanDebug - Resolving type for handle ctrsta472type
[TRACE] 2022-09-20 14:16:30.445 [main] XBeanDebug - Resolving type for handle workbookec17doctype
[TRACE] 2022-09-20 14:16:30.450 [main] XBeanDebug - Resolving type for handle ctworkbook83c3type
[TRACE] 2022-09-20 14:16:30.455 [main] XBeanDebug - Resolving type for handle ctsheets49fdtype
[TRACE] 2022-09-20 14:16:30.458 [main] XBeanDebug - Resolving type for handle ctsheet4dbetype
[TRACE] 2022-09-20 14:16:30.460 [main] XBeanDebug - Resolving type for handle strelationshipid1e94type
[TRACE] 2022-09-20 14:16:30.463 [main] XBeanDebug - Resolving type for handle worksheetf539doctype
[TRACE] 2022-09-20 14:16:30.469 [main] XBeanDebug - Resolving type for handle ctworksheet530dtype
[TRACE] 2022-09-20 14:16:30.477 [main] XBeanDebug - Resolving type for handle ctsheetdata8408type
[TRACE] 2022-09-20 14:16:30.480 [main] XBeanDebug - Resolving type for handle ctrowdd39type
[TRACE] 2022-09-20 14:16:30.485 [main] XBeanDebug - Resolving type for handle ctcell842btype
[TRACE] 2022-09-20 14:16:30.493 [main] XBeanDebug - Resolving type for handle stcellrefe4e0type
[TRACE] 2022-09-20 14:16:30.501 [main] XBeanDebug - Resolving type for handle ctcols627ctype
[TRACE] 2022-09-20 14:16:30.507 [main] XBeanDebug - Resolving type for handle ctcola95ftype
[TRACE] 2022-09-20 14:16:30.531 [main] XBeanDebug - Resolving type for handle stxstringf179type
[DEBUG] 2022-09-20 14:16:30.543 [main] ZipPackage - Save content types part
[DEBUG] 2022-09-20 14:16:30.644 [main] ZipPackage - Save package relationships
[DEBUG] 2022-09-20 14:16:30.656 [main] ZipPackage - Save part 'docProps/app.xml'
[DEBUG] 2022-09-20 14:16:30.657 [main] ZipPackage - Save part 'docProps/core.xml'
[DEBUG] 2022-09-20 14:16:30.663 [main] ZipPackage - Save part 'xl/sharedStrings.xml'
[DEBUG] 2022-09-20 14:16:30.663 [main] ZipPackage - Save part 'xl/styles.xml'
[DEBUG] 2022-09-20 14:16:30.664 [main] ZipPackage - Save part 'xl/theme/theme1.xml'
[DEBUG] 2022-09-20 14:16:30.665 [main] ZipPackage - Save part 'xl/workbook.xml'
[DEBUG] 2022-09-20 14:16:30.668 [main] ZipPackage - Save part 'xl/worksheets/sheet1.xml'
[TRACE] 2022-09-20 14:16:30.679 [main] XBeanDebug - Resolving type for handle stcelltypebf95type
[DEBUG] 2022-09-20 14:49:04.382 [main] InternalLoggerFactory - Using Log4J2 as the default logging framework
[DEBUG] 2022-09-20 14:49:04.397 [main] ResourceLeakDetector - -Dio.netty.leakDetection.level: simple
[DEBUG] 2022-09-20 14:49:04.397 [main] ResourceLeakDetector - -Dio.netty.leakDetection.targetRecords: 4
[DEBUG] 2022-09-20 14:49:04.404 [main] ResourceLeakDetectorFactory - Loaded default ResourceLeakDetector: io.netty.util.ResourceLeakDetector@21c64522
[DEBUG] 2022-09-20 14:49:04.434 [main] PlatformDependent0 - -Dio.netty.noUnsafe: false
[DEBUG] 2022-09-20 14:49:04.434 [main] PlatformDependent0 - Java version: 17
[DEBUG] 2022-09-20 14:49:04.435 [main] PlatformDependent0 - sun.misc.Unsafe.theUnsafe: available
[DEBUG] 2022-09-20 14:49:04.437 [main] PlatformDependent0 - sun.misc.Unsafe.copyMemory: available
[DEBUG] 2022-09-20 14:49:04.438 [main] PlatformDependent0 - sun.misc.Unsafe.storeFence: available
[DEBUG] 2022-09-20 14:49:04.439 [main] PlatformDependent0 - java.nio.Buffer.address: available
[DEBUG] 2022-09-20 14:49:04.440 [main] PlatformDependent0 - direct buffer constructor: unavailable
java.lang.UnsupportedOperationException: Reflective setAccessible(true) disabled
	at io.netty.util.internal.ReflectionUtil.trySetAccessible(ReflectionUtil.java:31) ~[netty-common-4.1.78.Final.jar:4.1.78.Final]
	at io.netty.util.internal.PlatformDependent0$5.run(PlatformDependent0.java:287) ~[netty-common-4.1.78.Final.jar:4.1.78.Final]
	at java.security.AccessController.doPrivileged(AccessController.java:318) ~[?:?]
	at io.netty.util.internal.PlatformDependent0.<clinit>(PlatformDependent0.java:281) ~[netty-common-4.1.78.Final.jar:4.1.78.Final]
	at io.netty.util.internal.PlatformDependent.isAndroid(PlatformDependent.java:294) ~[netty-common-4.1.78.Final.jar:4.1.78.Final]
	at io.netty.util.internal.PlatformDependent.<clinit>(PlatformDependent.java:88) ~[netty-common-4.1.78.Final.jar:4.1.78.Final]
	at io.netty.util.HashedWheelTimer.<init>(HashedWheelTimer.java:114) ~[netty-common-4.1.78.Final.jar:4.1.78.Final]
	at io.netty.util.HashedWheelTimer.<init>(HashedWheelTimer.java:251) ~[netty-common-4.1.78.Final.jar:4.1.78.Final]
	at io.netty.util.HashedWheelTimer.<init>(HashedWheelTimer.java:224) ~[netty-common-4.1.78.Final.jar:4.1.78.Final]
	at io.netty.util.HashedWheelTimer.<init>(HashedWheelTimer.java:203) ~[netty-common-4.1.78.Final.jar:4.1.78.Final]
	at org.asynchttpclient.DefaultAsyncHttpClient.newNettyTimer(DefaultAsyncHttpClient.java:111) ~[async-http-client-2.12.3.jar:?]
	at org.asynchttpclient.DefaultAsyncHttpClient.<init>(DefaultAsyncHttpClient.java:90) ~[async-http-client-2.12.3.jar:?]
	at org.asynchttpclient.Dsl.asyncHttpClient(Dsl.java:32) ~[async-http-client-2.12.3.jar:?]
	at org.openqa.selenium.remote.http.netty.NettyClient.createHttpClient(NettyClient.java:93) ~[selenium-remote-driver-4.4.0.jar:?]
	at org.openqa.selenium.remote.http.netty.NettyClient.<clinit>(NettyClient.java:47) ~[selenium-remote-driver-4.4.0.jar:?]
	at org.openqa.selenium.remote.http.netty.NettyClient$Factory.createClient(NettyClient.java:134) ~[selenium-remote-driver-4.4.0.jar:?]
	at org.openqa.selenium.remote.HttpCommandExecutor.<init>(HttpCommandExecutor.java:107) ~[selenium-remote-driver-4.4.0.jar:?]
	at org.openqa.selenium.remote.HttpCommandExecutor.<init>(HttpCommandExecutor.java:94) ~[selenium-remote-driver-4.4.0.jar:?]
	at org.openqa.selenium.remote.HttpCommandExecutor.<init>(HttpCommandExecutor.java:85) ~[selenium-remote-driver-4.4.0.jar:?]
	at org.openqa.selenium.remote.service.DriverCommandExecutor.<init>(DriverCommandExecutor.java:80) ~[selenium-remote-driver-4.4.0.jar:?]
	at org.openqa.selenium.firefox.FirefoxDriver$FirefoxDriverCommandExecutor.<init>(FirefoxDriver.java:331) ~[selenium-firefox-driver-4.4.0.jar:?]
	at org.openqa.selenium.firefox.FirefoxDriver.<init>(FirefoxDriver.java:98) ~[selenium-firefox-driver-4.4.0.jar:?]
	at org.openqa.selenium.firefox.FirefoxDriver.<init>(FirefoxDriver.java:94) ~[selenium-firefox-driver-4.4.0.jar:?]
	at utils.ExcelDataProvider.setUpTest(ExcelDataProvider.java:20) ~[test-classes/:?]
	at jdk.internal.reflect.NativeMethodAccessorImpl.invoke0(Native Method) ~[?:?]
	at jdk.internal.reflect.NativeMethodAccessorImpl.invoke(NativeMethodAccessorImpl.java:77) ~[?:?]
	at jdk.internal.reflect.DelegatingMethodAccessorImpl.invoke(DelegatingMethodAccessorImpl.java:43) ~[?:?]
	at java.lang.reflect.Method.invoke(Method.java:568) ~[?:?]
	at org.testng.internal.invokers.MethodInvocationHelper.invokeMethod(MethodInvocationHelper.java:139) ~[testng-7.6.1.jar:7.6.1]
	at org.testng.internal.invokers.MethodInvocationHelper.invokeMethodConsideringTimeout(MethodInvocationHelper.java:69) ~[testng-7.6.1.jar:7.6.1]
	at org.testng.internal.invokers.ConfigInvoker.invokeConfigurationMethod(ConfigInvoker.java:361) ~[testng-7.6.1.jar:7.6.1]
	at org.testng.internal.invokers.ConfigInvoker.invokeConfigurations(ConfigInvoker.java:296) ~[testng-7.6.1.jar:7.6.1]
	at org.testng.TestRunner.invokeTestConfigurations(TestRunner.java:643) ~[testng-7.6.1.jar:7.6.1]
	at org.testng.TestRunner.beforeRun(TestRunner.java:632) ~[testng-7.6.1.jar:7.6.1]
	at org.testng.TestRunner.run(TestRunner.java:594) ~[testng-7.6.1.jar:7.6.1]
	at org.testng.SuiteRunner.runTest(SuiteRunner.java:433) ~[testng-7.6.1.jar:7.6.1]
	at org.testng.SuiteRunner.runSequentially(SuiteRunner.java:427) ~[testng-7.6.1.jar:7.6.1]
	at org.testng.SuiteRunner.privateRun(SuiteRunner.java:387) ~[testng-7.6.1.jar:7.6.1]
	at org.testng.SuiteRunner.run(SuiteRunner.java:330) ~[testng-7.6.1.jar:7.6.1]
	at org.testng.SuiteRunnerWorker.runSuite(SuiteRunnerWorker.java:52) ~[testng-7.6.1.jar:7.6.1]
	at org.testng.SuiteRunnerWorker.run(SuiteRunnerWorker.java:95) ~[testng-7.6.1.jar:7.6.1]
	at org.testng.TestNG.runSuitesSequentially(TestNG.java:1256) ~[testng-7.6.1.jar:7.6.1]
	at org.testng.TestNG.runSuitesLocally(TestNG.java:1176) ~[testng-7.6.1.jar:7.6.1]
	at org.testng.TestNG.runSuites(TestNG.java:1099) ~[testng-7.6.1.jar:7.6.1]
	at org.testng.TestNG.run(TestNG.java:1067) ~[testng-7.6.1.jar:7.6.1]
	at org.testng.remote.AbstractRemoteTestNG.run(AbstractRemoteTestNG.java:115) ~[testng-remote.jar:?]
	at org.testng.remote.RemoteTestNG.initAndRun(RemoteTestNG.java:251) ~[testng-remote.jar:?]
	at org.testng.remote.RemoteTestNG.main(RemoteTestNG.java:77) ~[testng-remote.jar:?]
[DEBUG] 2022-09-20 14:49:04.458 [main] PlatformDependent0 - java.nio.Bits.unaligned: available, true
[DEBUG] 2022-09-20 14:49:04.460 [main] PlatformDependent0 - jdk.internal.misc.Unsafe.allocateUninitializedArray(int): unavailable
java.lang.IllegalAccessException: class io.netty.util.internal.PlatformDependent0$7 cannot access class jdk.internal.misc.Unsafe (in module java.base) because module java.base does not export jdk.internal.misc to unnamed module @77468bd9
	at jdk.internal.reflect.Reflection.newIllegalAccessException(Reflection.java:392) ~[?:?]
	at java.lang.reflect.AccessibleObject.checkAccess(AccessibleObject.java:674) ~[?:?]
	at java.lang.reflect.Method.invoke(Method.java:560) ~[?:?]
	at io.netty.util.internal.PlatformDependent0$7.run(PlatformDependent0.java:409) ~[netty-common-4.1.78.Final.jar:4.1.78.Final]
	at java.security.AccessController.doPrivileged(AccessController.java:318) ~[?:?]
	at io.netty.util.internal.PlatformDependent0.<clinit>(PlatformDependent0.java:400) ~[netty-common-4.1.78.Final.jar:4.1.78.Final]
	at io.netty.util.internal.PlatformDependent.isAndroid(PlatformDependent.java:294) ~[netty-common-4.1.78.Final.jar:4.1.78.Final]
	at io.netty.util.internal.PlatformDependent.<clinit>(PlatformDependent.java:88) ~[netty-common-4.1.78.Final.jar:4.1.78.Final]
	at io.netty.util.HashedWheelTimer.<init>(HashedWheelTimer.java:114) ~[netty-common-4.1.78.Final.jar:4.1.78.Final]
	at io.netty.util.HashedWheelTimer.<init>(HashedWheelTimer.java:251) ~[netty-common-4.1.78.Final.jar:4.1.78.Final]
	at io.netty.util.HashedWheelTimer.<init>(HashedWheelTimer.java:224) ~[netty-common-4.1.78.Final.jar:4.1.78.Final]
	at io.netty.util.HashedWheelTimer.<init>(HashedWheelTimer.java:203) ~[netty-common-4.1.78.Final.jar:4.1.78.Final]
	at org.asynchttpclient.DefaultAsyncHttpClient.newNettyTimer(DefaultAsyncHttpClient.java:111) ~[async-http-client-2.12.3.jar:?]
	at org.asynchttpclient.DefaultAsyncHttpClient.<init>(DefaultAsyncHttpClient.java:90) ~[async-http-client-2.12.3.jar:?]
	at org.asynchttpclient.Dsl.asyncHttpClient(Dsl.java:32) ~[async-http-client-2.12.3.jar:?]
	at org.openqa.selenium.remote.http.netty.NettyClient.createHttpClient(NettyClient.java:93) ~[selenium-remote-driver-4.4.0.jar:?]
	at org.openqa.selenium.remote.http.netty.NettyClient.<clinit>(NettyClient.java:47) ~[selenium-remote-driver-4.4.0.jar:?]
	at org.openqa.selenium.remote.http.netty.NettyClient$Factory.createClient(NettyClient.java:134) ~[selenium-remote-driver-4.4.0.jar:?]
	at org.openqa.selenium.remote.HttpCommandExecutor.<init>(HttpCommandExecutor.java:107) ~[selenium-remote-driver-4.4.0.jar:?]
	at org.openqa.selenium.remote.HttpCommandExecutor.<init>(HttpCommandExecutor.java:94) ~[selenium-remote-driver-4.4.0.jar:?]
	at org.openqa.selenium.remote.HttpCommandExecutor.<init>(HttpCommandExecutor.java:85) ~[selenium-remote-driver-4.4.0.jar:?]
	at org.openqa.selenium.remote.service.DriverCommandExecutor.<init>(DriverCommandExecutor.java:80) ~[selenium-remote-driver-4.4.0.jar:?]
	at org.openqa.selenium.firefox.FirefoxDriver$FirefoxDriverCommandExecutor.<init>(FirefoxDriver.java:331) ~[selenium-firefox-driver-4.4.0.jar:?]
	at org.openqa.selenium.firefox.FirefoxDriver.<init>(FirefoxDriver.java:98) ~[selenium-firefox-driver-4.4.0.jar:?]
	at org.openqa.selenium.firefox.FirefoxDriver.<init>(FirefoxDriver.java:94) ~[selenium-firefox-driver-4.4.0.jar:?]
	at utils.ExcelDataProvider.setUpTest(ExcelDataProvider.java:20) ~[test-classes/:?]
	at jdk.internal.reflect.NativeMethodAccessorImpl.invoke0(Native Method) ~[?:?]
	at jdk.internal.reflect.NativeMethodAccessorImpl.invoke(NativeMethodAccessorImpl.java:77) ~[?:?]
	at jdk.internal.reflect.DelegatingMethodAccessorImpl.invoke(DelegatingMethodAccessorImpl.java:43) ~[?:?]
	at java.lang.reflect.Method.invoke(Method.java:568) ~[?:?]
	at org.testng.internal.invokers.MethodInvocationHelper.invokeMethod(MethodInvocationHelper.java:139) ~[testng-7.6.1.jar:7.6.1]
	at org.testng.internal.invokers.MethodInvocationHelper.invokeMethodConsideringTimeout(MethodInvocationHelper.java:69) ~[testng-7.6.1.jar:7.6.1]
	at org.testng.internal.invokers.ConfigInvoker.invokeConfigurationMethod(ConfigInvoker.java:361) ~[testng-7.6.1.jar:7.6.1]
	at org.testng.internal.invokers.ConfigInvoker.invokeConfigurations(ConfigInvoker.java:296) ~[testng-7.6.1.jar:7.6.1]
	at org.testng.TestRunner.invokeTestConfigurations(TestRunner.java:643) ~[testng-7.6.1.jar:7.6.1]
	at org.testng.TestRunner.beforeRun(TestRunner.java:632) ~[testng-7.6.1.jar:7.6.1]
	at org.testng.TestRunner.run(TestRunner.java:594) ~[testng-7.6.1.jar:7.6.1]
	at org.testng.SuiteRunner.runTest(SuiteRunner.java:433) ~[testng-7.6.1.jar:7.6.1]
	at org.testng.SuiteRunner.runSequentially(SuiteRunner.java:427) ~[testng-7.6.1.jar:7.6.1]
	at org.testng.SuiteRunner.privateRun(SuiteRunner.java:387) ~[testng-7.6.1.jar:7.6.1]
	at org.testng.SuiteRunner.run(SuiteRunner.java:330) ~[testng-7.6.1.jar:7.6.1]
	at org.testng.SuiteRunnerWorker.runSuite(SuiteRunnerWorker.java:52) ~[testng-7.6.1.jar:7.6.1]
	at org.testng.SuiteRunnerWorker.run(SuiteRunnerWorker.java:95) ~[testng-7.6.1.jar:7.6.1]
	at org.testng.TestNG.runSuitesSequentially(TestNG.java:1256) ~[testng-7.6.1.jar:7.6.1]
	at org.testng.TestNG.runSuitesLocally(TestNG.java:1176) ~[testng-7.6.1.jar:7.6.1]
	at org.testng.TestNG.runSuites(TestNG.java:1099) ~[testng-7.6.1.jar:7.6.1]
	at org.testng.TestNG.run(TestNG.java:1067) ~[testng-7.6.1.jar:7.6.1]
	at org.testng.remote.AbstractRemoteTestNG.run(AbstractRemoteTestNG.java:115) ~[testng-remote.jar:?]
	at org.testng.remote.RemoteTestNG.initAndRun(RemoteTestNG.java:251) ~[testng-remote.jar:?]
	at org.testng.remote.RemoteTestNG.main(RemoteTestNG.java:77) ~[testng-remote.jar:?]
[DEBUG] 2022-09-20 14:49:04.464 [main] PlatformDependent0 - java.nio.DirectByteBuffer.<init>(long, int): unavailable
[DEBUG] 2022-09-20 14:49:04.464 [main] PlatformDependent - sun.misc.Unsafe: available
[DEBUG] 2022-09-20 14:49:04.465 [main] PlatformDependent - maxDirectMemory: 1969225728 bytes (maybe)
[DEBUG] 2022-09-20 14:49:04.465 [main] PlatformDependent - -Dio.netty.tmpdir: C:\Users\vijay\AppData\Local\Temp (java.io.tmpdir)
[DEBUG] 2022-09-20 14:49:04.465 [main] PlatformDependent - -Dio.netty.bitMode: 64 (sun.arch.data.model)
[DEBUG] 2022-09-20 14:49:04.466 [main] PlatformDependent - Platform: Windows
[DEBUG] 2022-09-20 14:49:04.467 [main] PlatformDependent - -Dio.netty.maxDirectMemory: -1 bytes
[DEBUG] 2022-09-20 14:49:04.467 [main] PlatformDependent - -Dio.netty.uninitializedArrayAllocationThreshold: -1
[DEBUG] 2022-09-20 14:49:04.469 [main] CleanerJava9 - java.nio.ByteBuffer.cleaner(): available
[DEBUG] 2022-09-20 14:49:04.470 [main] PlatformDependent - -Dio.netty.noPreferDirect: false
[DEBUG] 2022-09-20 14:49:04.483 [main] PlatformDependent - org.jctools-core.MpscChunkedArrayQueue: available
[DEBUG] 2022-09-20 14:49:04.521 [main] InternalThreadLocalMap - -Dio.netty.threadLocalMap.stringBuilder.initialSize: 1024
[DEBUG] 2022-09-20 14:49:04.522 [main] InternalThreadLocalMap - -Dio.netty.threadLocalMap.stringBuilder.maxSize: 4096
[DEBUG] 2022-09-20 14:49:04.782 [main] JdkSslContext - Default protocols (JDK): [TLSv1.3, TLSv1.2] 
[DEBUG] 2022-09-20 14:49:04.782 [main] JdkSslContext - Default cipher suites (JDK): [TLS_ECDHE_ECDSA_WITH_AES_256_GCM_SHA384, TLS_ECDHE_ECDSA_WITH_AES_128_GCM_SHA256, TLS_ECDHE_RSA_WITH_AES_128_GCM_SHA256, TLS_ECDHE_RSA_WITH_AES_256_GCM_SHA384, TLS_ECDHE_RSA_WITH_AES_128_CBC_SHA, TLS_ECDHE_RSA_WITH_AES_256_CBC_SHA, TLS_RSA_WITH_AES_128_GCM_SHA256, TLS_RSA_WITH_AES_128_CBC_SHA, TLS_RSA_WITH_AES_256_CBC_SHA, TLS_AES_128_GCM_SHA256, TLS_AES_256_GCM_SHA384]
[DEBUG] 2022-09-20 14:49:04.825 [main] MultithreadEventLoopGroup - -Dio.netty.eventLoopThreads: 24
[DEBUG] 2022-09-20 14:49:04.842 [main] NioEventLoop - -Dio.netty.noKeySetOptimization: false
[DEBUG] 2022-09-20 14:49:04.842 [main] NioEventLoop - -Dio.netty.selectorAutoRebuildThreshold: 512
[TRACE] 2022-09-20 14:49:04.866 [main] NioEventLoop - instrumented a special java.util.Set into: sun.nio.ch.WEPollSelectorImpl@6ea94d6a
[TRACE] 2022-09-20 14:49:04.870 [main] NioEventLoop - instrumented a special java.util.Set into: sun.nio.ch.WEPollSelectorImpl@56febdc
[TRACE] 2022-09-20 14:49:04.872 [main] NioEventLoop - instrumented a special java.util.Set into: sun.nio.ch.WEPollSelectorImpl@3b8ee898
[TRACE] 2022-09-20 14:49:04.875 [main] NioEventLoop - instrumented a special java.util.Set into: sun.nio.ch.WEPollSelectorImpl@7d151a
[TRACE] 2022-09-20 14:49:04.878 [main] NioEventLoop - instrumented a special java.util.Set into: sun.nio.ch.WEPollSelectorImpl@294bdeb4
[TRACE] 2022-09-20 14:49:04.880 [main] NioEventLoop - instrumented a special java.util.Set into: sun.nio.ch.WEPollSelectorImpl@5300f14a
[TRACE] 2022-09-20 14:49:04.882 [main] NioEventLoop - instrumented a special java.util.Set into: sun.nio.ch.WEPollSelectorImpl@1f86099a
[TRACE] 2022-09-20 14:49:04.884 [main] NioEventLoop - instrumented a special java.util.Set into: sun.nio.ch.WEPollSelectorImpl@77bb0ab5
[TRACE] 2022-09-20 14:49:04.887 [main] NioEventLoop - instrumented a special java.util.Set into: sun.nio.ch.WEPollSelectorImpl@f2c488
[TRACE] 2022-09-20 14:49:04.889 [main] NioEventLoop - instrumented a special java.util.Set into: sun.nio.ch.WEPollSelectorImpl@54acff7d
[TRACE] 2022-09-20 14:49:04.892 [main] NioEventLoop - instrumented a special java.util.Set into: sun.nio.ch.WEPollSelectorImpl@7bc9e6ab
[TRACE] 2022-09-20 14:49:04.895 [main] NioEventLoop - instrumented a special java.util.Set into: sun.nio.ch.WEPollSelectorImpl@5488b5c5
[TRACE] 2022-09-20 14:49:04.897 [main] NioEventLoop - instrumented a special java.util.Set into: sun.nio.ch.WEPollSelectorImpl@4248ed58
[TRACE] 2022-09-20 14:49:04.899 [main] NioEventLoop - instrumented a special java.util.Set into: sun.nio.ch.WEPollSelectorImpl@712ca57b
[TRACE] 2022-09-20 14:49:04.901 [main] NioEventLoop - instrumented a special java.util.Set into: sun.nio.ch.WEPollSelectorImpl@4564e94b
[TRACE] 2022-09-20 14:49:04.903 [main] NioEventLoop - instrumented a special java.util.Set into: sun.nio.ch.WEPollSelectorImpl@54534abf
[TRACE] 2022-09-20 14:49:04.905 [main] NioEventLoop - instrumented a special java.util.Set into: sun.nio.ch.WEPollSelectorImpl@51745f40
[TRACE] 2022-09-20 14:49:04.907 [main] NioEventLoop - instrumented a special java.util.Set into: sun.nio.ch.WEPollSelectorImpl@45673f68
[TRACE] 2022-09-20 14:49:04.910 [main] NioEventLoop - instrumented a special java.util.Set into: sun.nio.ch.WEPollSelectorImpl@27abb83e
[TRACE] 2022-09-20 14:49:04.913 [main] NioEventLoop - instrumented a special java.util.Set into: sun.nio.ch.WEPollSelectorImpl@69e308c6
[TRACE] 2022-09-20 14:49:04.915 [main] NioEventLoop - instrumented a special java.util.Set into: sun.nio.ch.WEPollSelectorImpl@1a1ed4e5
[TRACE] 2022-09-20 14:49:04.917 [main] NioEventLoop - instrumented a special java.util.Set into: sun.nio.ch.WEPollSelectorImpl@667e34b1
[TRACE] 2022-09-20 14:49:04.920 [main] NioEventLoop - instrumented a special java.util.Set into: sun.nio.ch.WEPollSelectorImpl@1c6e0a08
[TRACE] 2022-09-20 14:49:04.922 [main] NioEventLoop - instrumented a special java.util.Set into: sun.nio.ch.WEPollSelectorImpl@6dba847b
[DEBUG] 2022-09-20 14:49:04.960 [main] PooledByteBufAllocator - -Dio.netty.allocator.numHeapArenas: 24
[DEBUG] 2022-09-20 14:49:04.960 [main] PooledByteBufAllocator - -Dio.netty.allocator.numDirectArenas: 24
[DEBUG] 2022-09-20 14:49:04.960 [main] PooledByteBufAllocator - -Dio.netty.allocator.pageSize: 8192
[DEBUG] 2022-09-20 14:49:04.960 [main] PooledByteBufAllocator - -Dio.netty.allocator.maxOrder: 9
[DEBUG] 2022-09-20 14:49:04.960 [main] PooledByteBufAllocator - -Dio.netty.allocator.chunkSize: 4194304
[DEBUG] 2022-09-20 14:49:04.960 [main] PooledByteBufAllocator - -Dio.netty.allocator.smallCacheSize: 256
[DEBUG] 2022-09-20 14:49:04.960 [main] PooledByteBufAllocator - -Dio.netty.allocator.normalCacheSize: 64
[DEBUG] 2022-09-20 14:49:04.960 [main] PooledByteBufAllocator - -Dio.netty.allocator.maxCachedBufferCapacity: 32768
[DEBUG] 2022-09-20 14:49:04.961 [main] PooledByteBufAllocator - -Dio.netty.allocator.cacheTrimInterval: 8192
[DEBUG] 2022-09-20 14:49:04.961 [main] PooledByteBufAllocator - -Dio.netty.allocator.cacheTrimIntervalMillis: 0
[DEBUG] 2022-09-20 14:49:04.961 [main] PooledByteBufAllocator - -Dio.netty.allocator.useCacheForAllThreads: false
[DEBUG] 2022-09-20 14:49:04.961 [main] PooledByteBufAllocator - -Dio.netty.allocator.maxCachedByteBuffersPerChunk: 1023
[DEBUG] 2022-09-20 14:49:04.997 [main] ByteBufUtil - -Dio.netty.allocator.type: pooled
[DEBUG] 2022-09-20 14:49:04.997 [main] ByteBufUtil - -Dio.netty.threadLocalDirectBufferSize: 0
[DEBUG] 2022-09-20 14:49:04.997 [main] ByteBufUtil - -Dio.netty.maxThreadLocalCharBufferSize: 16384
[DEBUG] 2022-09-20 14:49:06.174 [Forwarding newSession on session null to remote] DefaultChannelId - -Dio.netty.processId: 21088 (auto-detected)
[DEBUG] 2022-09-20 14:49:06.180 [Forwarding newSession on session null to remote] NetUtil - -Djava.net.preferIPv4Stack: false
[DEBUG] 2022-09-20 14:49:06.180 [Forwarding newSession on session null to remote] NetUtil - -Djava.net.preferIPv6Addresses: false
[DEBUG] 2022-09-20 14:49:06.194 [Forwarding newSession on session null to remote] NetUtilInitializations - Loopback interface: lo (Software Loopback Interface 1, 127.0.0.1)
[DEBUG] 2022-09-20 14:49:06.197 [Forwarding newSession on session null to remote] NetUtil - Failed to get SOMAXCONN from sysctl and file \proc\sys\net\core\somaxconn. Default: 200
[DEBUG] 2022-09-20 14:49:06.242 [Forwarding newSession on session null to remote] DefaultChannelId - -Dio.netty.machineId: d8:80:83:ff:fe:2c:04:d5 (auto-detected)
[DEBUG] 2022-09-20 14:49:06.339 [AsyncHttpClient-1-2] AbstractByteBuf - -Dio.netty.buffer.checkAccessible: true
[DEBUG] 2022-09-20 14:49:06.339 [AsyncHttpClient-1-2] AbstractByteBuf - -Dio.netty.buffer.checkBounds: true
[DEBUG] 2022-09-20 14:49:06.340 [AsyncHttpClient-1-2] ResourceLeakDetectorFactory - Loaded default ResourceLeakDetector: io.netty.util.ResourceLeakDetector@74f0d50
[DEBUG] 2022-09-20 14:49:06.387 [AsyncHttpClient-1-2] Recycler - -Dio.netty.recycler.maxCapacityPerThread: 4096
[DEBUG] 2022-09-20 14:49:06.387 [AsyncHttpClient-1-2] Recycler - -Dio.netty.recycler.ratio: 8
[DEBUG] 2022-09-20 14:49:06.387 [AsyncHttpClient-1-2] Recycler - -Dio.netty.recycler.chunkSize: 32
[DEBUG] 2022-09-20 14:49:06.387 [AsyncHttpClient-1-2] Recycler - -Dio.netty.recycler.blocking: false
[DEBUG] 2022-09-20 14:49:10.625 [AsyncHttpClient-1-2] Brotli - brotli4j not in the classpath; Brotli support will be unavailable.
[DEBUG] 2022-09-20 14:49:16.022 [main] PackageRelationshipCollection - Parsing relationship: /xl/_rels/workbook.xml.rels
[DEBUG] 2022-09-20 14:49:16.026 [main] PackageRelationshipCollection - Parsing relationship: /_rels/.rels
[TRACE] 2022-09-20 14:49:16.334 [main] XBeanDebug - Loading type system org.apache.poi.schemas.ooxml.system.ooxml
[TRACE] 2022-09-20 14:49:16.339 [main] XBeanDebug - Loading type system org.apache.xmlbeans.metadata.system.sXMLCONFIG
[TRACE] 2022-09-20 14:49:16.340 [main] XBeanDebug - Loading type system org.apache.xmlbeans.metadata.system.sXMLLANG
[TRACE] 2022-09-20 14:49:16.340 [main] XBeanDebug - Loading type system org.apache.xmlbeans.metadata.system.sXMLSCHEMA
[TRACE] 2022-09-20 14:49:16.341 [main] XBeanDebug - Loading type system org.apache.xmlbeans.metadata.system.sXMLTOOLS
[TRACE] 2022-09-20 14:49:16.343 [main] XBeanDebug - Reading unresolved handles for type system org.apache.xmlbeans.metadata.system.sXMLTOOLS
[TRACE] 2022-09-20 14:49:16.360 [main] XBeanDebug - Finished loading type system org.apache.xmlbeans.metadata.system.sXMLTOOLS
[TRACE] 2022-09-20 14:49:16.361 [main] XBeanDebug - Reading unresolved handles for type system org.apache.xmlbeans.metadata.system.sXMLSCHEMA
[TRACE] 2022-09-20 14:49:16.368 [main] XBeanDebug - Finished loading type system org.apache.xmlbeans.metadata.system.sXMLSCHEMA
[TRACE] 2022-09-20 14:49:16.369 [main] XBeanDebug - Reading unresolved handles for type system org.apache.xmlbeans.metadata.system.sXMLLANG
[TRACE] 2022-09-20 14:49:16.371 [main] XBeanDebug - Finished loading type system org.apache.xmlbeans.metadata.system.sXMLLANG
[TRACE] 2022-09-20 14:49:16.372 [main] XBeanDebug - Reading unresolved handles for type system org.apache.xmlbeans.metadata.system.sXMLCONFIG
[TRACE] 2022-09-20 14:49:16.374 [main] XBeanDebug - Finished loading type system org.apache.xmlbeans.metadata.system.sXMLCONFIG
[TRACE] 2022-09-20 14:49:16.375 [main] XBeanDebug - Reading unresolved handles for type system org.apache.poi.schemas.ooxml.system.ooxml
[TRACE] 2022-09-20 14:49:16.448 [main] XBeanDebug - Finished loading type system org.apache.poi.schemas.ooxml.system.ooxml
[TRACE] 2022-09-20 14:49:16.448 [main] XBeanDebug - Resolving type for handle themefd26doctype
[TRACE] 2022-09-20 14:49:16.547 [main] XBeanDebug - Resolving type for handle stylesheet5d8bdoctype
[TRACE] 2022-09-20 14:49:16.555 [main] XBeanDebug - Resolving type for handle ctstylesheet4257type
[TRACE] 2022-09-20 14:49:16.563 [main] XBeanDebug - Resolving type for handle ctfonts6623type
[TRACE] 2022-09-20 14:49:16.568 [main] XBeanDebug - Resolving type for handle ctfont14d8type
[TRACE] 2022-09-20 14:49:16.578 [main] XBeanDebug - Resolving type for handle ctfills2c6ftype
[TRACE] 2022-09-20 14:49:16.579 [main] XBeanDebug - Resolving type for handle ctfill550ctype
[TRACE] 2022-09-20 14:49:16.579 [main] XBeanDebug - Resolving type for handle ctborders0d66type
[TRACE] 2022-09-20 14:49:16.579 [main] XBeanDebug - Resolving type for handle ctborderf935type
[TRACE] 2022-09-20 14:49:16.602 [main] XBeanDebug - Resolving type for handle ctcellxfs1322type
[TRACE] 2022-09-20 14:49:16.606 [main] XBeanDebug - Resolving type for handle ctxf97f7type
[TRACE] 2022-09-20 14:49:16.610 [main] XBeanDebug - Resolving type for handle ctcellstylexfsa81ftype
[TRACE] 2022-09-20 14:49:16.610 [main] XBeanDebug - Resolving type for handle ctdxfsb26atype
[TRACE] 2022-09-20 14:49:16.610 [main] XBeanDebug - Resolving type for handle cttablestyles872ftype
[TRACE] 2022-09-20 14:49:16.610 [main] XBeanDebug - Resolving type for handle sstf81fdoctype
[TRACE] 2022-09-20 14:49:16.632 [main] XBeanDebug - Resolving type for handle ctsst44f3type
[TRACE] 2022-09-20 14:49:16.641 [main] XBeanDebug - Resolving type for handle ctrsta472type
[TRACE] 2022-09-20 14:49:16.671 [main] XBeanDebug - Resolving type for handle workbookec17doctype
[TRACE] 2022-09-20 14:49:16.674 [main] XBeanDebug - Resolving type for handle ctworkbook83c3type
[TRACE] 2022-09-20 14:49:16.682 [main] XBeanDebug - Resolving type for handle ctsheets49fdtype
[TRACE] 2022-09-20 14:49:16.682 [main] XBeanDebug - Resolving type for handle ctsheet4dbetype
[TRACE] 2022-09-20 14:49:16.693 [main] XBeanDebug - Resolving type for handle strelationshipid1e94type
[TRACE] 2022-09-20 14:49:16.697 [main] XBeanDebug - Resolving type for handle worksheetf539doctype
[TRACE] 2022-09-20 14:49:16.704 [main] XBeanDebug - Resolving type for handle ctworksheet530dtype
[TRACE] 2022-09-20 14:49:16.711 [main] XBeanDebug - Resolving type for handle ctsheetdata8408type
[TRACE] 2022-09-20 14:49:16.711 [main] XBeanDebug - Resolving type for handle ctrowdd39type
[TRACE] 2022-09-20 14:49:16.711 [main] XBeanDebug - Resolving type for handle ctcell842btype
[TRACE] 2022-09-20 14:49:16.726 [main] XBeanDebug - Resolving type for handle stcellrefe4e0type
[TRACE] 2022-09-20 14:49:16.742 [main] XBeanDebug - Resolving type for handle ctcols627ctype
[TRACE] 2022-09-20 14:49:16.750 [main] XBeanDebug - Resolving type for handle ctcola95ftype
[TRACE] 2022-09-20 14:49:16.774 [main] XBeanDebug - Resolving type for handle stxstringf179type
[DEBUG] 2022-09-20 14:49:16.794 [main] ZipPackage - Save content types part
[DEBUG] 2022-09-20 14:49:16.890 [main] ZipPackage - Save package relationships
[DEBUG] 2022-09-20 14:49:16.890 [main] ZipPackage - Save part 'docProps/app.xml'
[DEBUG] 2022-09-20 14:49:16.890 [main] ZipPackage - Save part 'docProps/core.xml'
[DEBUG] 2022-09-20 14:49:16.906 [main] ZipPackage - Save part 'xl/sharedStrings.xml'
[DEBUG] 2022-09-20 14:49:16.906 [main] ZipPackage - Save part 'xl/styles.xml'
[DEBUG] 2022-09-20 14:49:16.906 [main] ZipPackage - Save part 'xl/theme/theme1.xml'
[DEBUG] 2022-09-20 14:49:16.906 [main] ZipPackage - Save part 'xl/workbook.xml'
[DEBUG] 2022-09-20 14:49:16.906 [main] ZipPackage - Save part 'xl/worksheets/sheet1.xml'
[TRACE] 2022-09-20 14:49:16.906 [main] XBeanDebug - Resolving type for handle stcelltypebf95type
[DEBUG] 2022-09-20 19:03:43.749 [main] InternalLoggerFactory - Using Log4J2 as the default logging framework
[DEBUG] 2022-09-20 19:03:43.761 [main] ResourceLeakDetector - -Dio.netty.leakDetection.level: simple
[DEBUG] 2022-09-20 19:03:43.762 [main] ResourceLeakDetector - -Dio.netty.leakDetection.targetRecords: 4
[DEBUG] 2022-09-20 19:03:43.769 [main] ResourceLeakDetectorFactory - Loaded default ResourceLeakDetector: io.netty.util.ResourceLeakDetector@6691490c
[DEBUG] 2022-09-20 19:03:43.799 [main] PlatformDependent0 - -Dio.netty.noUnsafe: false
[DEBUG] 2022-09-20 19:03:43.799 [main] PlatformDependent0 - Java version: 17
[DEBUG] 2022-09-20 19:03:43.800 [main] PlatformDependent0 - sun.misc.Unsafe.theUnsafe: available
[DEBUG] 2022-09-20 19:03:43.801 [main] PlatformDependent0 - sun.misc.Unsafe.copyMemory: available
[DEBUG] 2022-09-20 19:03:43.802 [main] PlatformDependent0 - sun.misc.Unsafe.storeFence: available
[DEBUG] 2022-09-20 19:03:43.803 [main] PlatformDependent0 - java.nio.Buffer.address: available
[DEBUG] 2022-09-20 19:03:43.804 [main] PlatformDependent0 - direct buffer constructor: unavailable
java.lang.UnsupportedOperationException: Reflective setAccessible(true) disabled
	at io.netty.util.internal.ReflectionUtil.trySetAccessible(ReflectionUtil.java:31) ~[netty-common-4.1.78.Final.jar:4.1.78.Final]
	at io.netty.util.internal.PlatformDependent0$5.run(PlatformDependent0.java:287) ~[netty-common-4.1.78.Final.jar:4.1.78.Final]
	at java.security.AccessController.doPrivileged(AccessController.java:318) ~[?:?]
	at io.netty.util.internal.PlatformDependent0.<clinit>(PlatformDependent0.java:281) ~[netty-common-4.1.78.Final.jar:4.1.78.Final]
	at io.netty.util.internal.PlatformDependent.isAndroid(PlatformDependent.java:294) ~[netty-common-4.1.78.Final.jar:4.1.78.Final]
	at io.netty.util.internal.PlatformDependent.<clinit>(PlatformDependent.java:88) ~[netty-common-4.1.78.Final.jar:4.1.78.Final]
	at io.netty.util.HashedWheelTimer.<init>(HashedWheelTimer.java:114) ~[netty-common-4.1.78.Final.jar:4.1.78.Final]
	at io.netty.util.HashedWheelTimer.<init>(HashedWheelTimer.java:251) ~[netty-common-4.1.78.Final.jar:4.1.78.Final]
	at io.netty.util.HashedWheelTimer.<init>(HashedWheelTimer.java:224) ~[netty-common-4.1.78.Final.jar:4.1.78.Final]
	at io.netty.util.HashedWheelTimer.<init>(HashedWheelTimer.java:203) ~[netty-common-4.1.78.Final.jar:4.1.78.Final]
	at org.asynchttpclient.DefaultAsyncHttpClient.newNettyTimer(DefaultAsyncHttpClient.java:111) ~[async-http-client-2.12.3.jar:?]
	at org.asynchttpclient.DefaultAsyncHttpClient.<init>(DefaultAsyncHttpClient.java:90) ~[async-http-client-2.12.3.jar:?]
	at org.asynchttpclient.Dsl.asyncHttpClient(Dsl.java:32) ~[async-http-client-2.12.3.jar:?]
	at org.openqa.selenium.remote.http.netty.NettyClient.createHttpClient(NettyClient.java:93) ~[selenium-remote-driver-4.4.0.jar:?]
	at org.openqa.selenium.remote.http.netty.NettyClient.<clinit>(NettyClient.java:47) ~[selenium-remote-driver-4.4.0.jar:?]
	at org.openqa.selenium.remote.http.netty.NettyClient$Factory.createClient(NettyClient.java:134) ~[selenium-remote-driver-4.4.0.jar:?]
	at org.openqa.selenium.remote.HttpCommandExecutor.<init>(HttpCommandExecutor.java:107) ~[selenium-remote-driver-4.4.0.jar:?]
	at org.openqa.selenium.remote.HttpCommandExecutor.<init>(HttpCommandExecutor.java:94) ~[selenium-remote-driver-4.4.0.jar:?]
	at org.openqa.selenium.remote.HttpCommandExecutor.<init>(HttpCommandExecutor.java:85) ~[selenium-remote-driver-4.4.0.jar:?]
	at org.openqa.selenium.remote.service.DriverCommandExecutor.<init>(DriverCommandExecutor.java:80) ~[selenium-remote-driver-4.4.0.jar:?]
	at org.openqa.selenium.firefox.FirefoxDriver$FirefoxDriverCommandExecutor.<init>(FirefoxDriver.java:331) ~[selenium-firefox-driver-4.4.0.jar:?]
	at org.openqa.selenium.firefox.FirefoxDriver.<init>(FirefoxDriver.java:98) ~[selenium-firefox-driver-4.4.0.jar:?]
	at org.openqa.selenium.firefox.FirefoxDriver.<init>(FirefoxDriver.java:94) ~[selenium-firefox-driver-4.4.0.jar:?]
	at listeners.TestNgListenerDemo.test2(TestNgListenerDemo.java:27) ~[test-classes/:?]
	at jdk.internal.reflect.NativeMethodAccessorImpl.invoke0(Native Method) ~[?:?]
	at jdk.internal.reflect.NativeMethodAccessorImpl.invoke(NativeMethodAccessorImpl.java:77) ~[?:?]
	at jdk.internal.reflect.DelegatingMethodAccessorImpl.invoke(DelegatingMethodAccessorImpl.java:43) ~[?:?]
	at java.lang.reflect.Method.invoke(Method.java:568) ~[?:?]
	at org.testng.internal.invokers.MethodInvocationHelper.invokeMethod(MethodInvocationHelper.java:139) ~[testng-7.6.1.jar:7.6.1]
	at org.testng.internal.invokers.TestInvoker.invokeMethod(TestInvoker.java:677) ~[testng-7.6.1.jar:7.6.1]
	at org.testng.internal.invokers.TestInvoker.invokeTestMethod(TestInvoker.java:221) ~[testng-7.6.1.jar:7.6.1]
	at org.testng.internal.invokers.MethodRunner.runInSequence(MethodRunner.java:50) ~[testng-7.6.1.jar:7.6.1]
	at org.testng.internal.invokers.TestInvoker$MethodInvocationAgent.invoke(TestInvoker.java:962) ~[testng-7.6.1.jar:7.6.1]
	at org.testng.internal.invokers.TestInvoker.invokeTestMethods(TestInvoker.java:194) ~[testng-7.6.1.jar:7.6.1]
	at org.testng.internal.invokers.TestMethodWorker.invokeTestMethods(TestMethodWorker.java:148) ~[testng-7.6.1.jar:7.6.1]
	at org.testng.internal.invokers.TestMethodWorker.run(TestMethodWorker.java:128) ~[testng-7.6.1.jar:7.6.1]
	at java.util.ArrayList.forEach(ArrayList.java:1511) ~[?:?]
	at org.testng.TestRunner.privateRun(TestRunner.java:806) ~[testng-7.6.1.jar:7.6.1]
	at org.testng.TestRunner.run(TestRunner.java:601) ~[testng-7.6.1.jar:7.6.1]
	at org.testng.SuiteRunner.runTest(SuiteRunner.java:433) ~[testng-7.6.1.jar:7.6.1]
	at org.testng.SuiteRunner.runSequentially(SuiteRunner.java:427) ~[testng-7.6.1.jar:7.6.1]
	at org.testng.SuiteRunner.privateRun(SuiteRunner.java:387) ~[testng-7.6.1.jar:7.6.1]
	at org.testng.SuiteRunner.run(SuiteRunner.java:330) ~[testng-7.6.1.jar:7.6.1]
	at org.testng.SuiteRunnerWorker.runSuite(SuiteRunnerWorker.java:52) ~[testng-7.6.1.jar:7.6.1]
	at org.testng.SuiteRunnerWorker.run(SuiteRunnerWorker.java:95) ~[testng-7.6.1.jar:7.6.1]
	at org.testng.TestNG.runSuitesSequentially(TestNG.java:1256) ~[testng-7.6.1.jar:7.6.1]
	at org.testng.TestNG.runSuitesLocally(TestNG.java:1176) ~[testng-7.6.1.jar:7.6.1]
	at org.testng.TestNG.runSuites(TestNG.java:1099) ~[testng-7.6.1.jar:7.6.1]
	at org.testng.TestNG.run(TestNG.java:1067) ~[testng-7.6.1.jar:7.6.1]
	at org.testng.remote.AbstractRemoteTestNG.run(AbstractRemoteTestNG.java:115) ~[testng-remote.jar:?]
	at org.testng.remote.RemoteTestNG.initAndRun(RemoteTestNG.java:251) ~[testng-remote.jar:?]
	at org.testng.remote.RemoteTestNG.main(RemoteTestNG.java:77) ~[testng-remote.jar:?]
[DEBUG] 2022-09-20 19:03:43.821 [main] PlatformDependent0 - java.nio.Bits.unaligned: available, true
[DEBUG] 2022-09-20 19:03:43.823 [main] PlatformDependent0 - jdk.internal.misc.Unsafe.allocateUninitializedArray(int): unavailable
java.lang.IllegalAccessException: class io.netty.util.internal.PlatformDependent0$7 cannot access class jdk.internal.misc.Unsafe (in module java.base) because module java.base does not export jdk.internal.misc to unnamed module @77468bd9
	at jdk.internal.reflect.Reflection.newIllegalAccessException(Reflection.java:392) ~[?:?]
	at java.lang.reflect.AccessibleObject.checkAccess(AccessibleObject.java:674) ~[?:?]
	at java.lang.reflect.Method.invoke(Method.java:560) ~[?:?]
	at io.netty.util.internal.PlatformDependent0$7.run(PlatformDependent0.java:409) ~[netty-common-4.1.78.Final.jar:4.1.78.Final]
	at java.security.AccessController.doPrivileged(AccessController.java:318) ~[?:?]
	at io.netty.util.internal.PlatformDependent0.<clinit>(PlatformDependent0.java:400) ~[netty-common-4.1.78.Final.jar:4.1.78.Final]
	at io.netty.util.internal.PlatformDependent.isAndroid(PlatformDependent.java:294) ~[netty-common-4.1.78.Final.jar:4.1.78.Final]
	at io.netty.util.internal.PlatformDependent.<clinit>(PlatformDependent.java:88) ~[netty-common-4.1.78.Final.jar:4.1.78.Final]
	at io.netty.util.HashedWheelTimer.<init>(HashedWheelTimer.java:114) ~[netty-common-4.1.78.Final.jar:4.1.78.Final]
	at io.netty.util.HashedWheelTimer.<init>(HashedWheelTimer.java:251) ~[netty-common-4.1.78.Final.jar:4.1.78.Final]
	at io.netty.util.HashedWheelTimer.<init>(HashedWheelTimer.java:224) ~[netty-common-4.1.78.Final.jar:4.1.78.Final]
	at io.netty.util.HashedWheelTimer.<init>(HashedWheelTimer.java:203) ~[netty-common-4.1.78.Final.jar:4.1.78.Final]
	at org.asynchttpclient.DefaultAsyncHttpClient.newNettyTimer(DefaultAsyncHttpClient.java:111) ~[async-http-client-2.12.3.jar:?]
	at org.asynchttpclient.DefaultAsyncHttpClient.<init>(DefaultAsyncHttpClient.java:90) ~[async-http-client-2.12.3.jar:?]
	at org.asynchttpclient.Dsl.asyncHttpClient(Dsl.java:32) ~[async-http-client-2.12.3.jar:?]
	at org.openqa.selenium.remote.http.netty.NettyClient.createHttpClient(NettyClient.java:93) ~[selenium-remote-driver-4.4.0.jar:?]
	at org.openqa.selenium.remote.http.netty.NettyClient.<clinit>(NettyClient.java:47) ~[selenium-remote-driver-4.4.0.jar:?]
	at org.openqa.selenium.remote.http.netty.NettyClient$Factory.createClient(NettyClient.java:134) ~[selenium-remote-driver-4.4.0.jar:?]
	at org.openqa.selenium.remote.HttpCommandExecutor.<init>(HttpCommandExecutor.java:107) ~[selenium-remote-driver-4.4.0.jar:?]
	at org.openqa.selenium.remote.HttpCommandExecutor.<init>(HttpCommandExecutor.java:94) ~[selenium-remote-driver-4.4.0.jar:?]
	at org.openqa.selenium.remote.HttpCommandExecutor.<init>(HttpCommandExecutor.java:85) ~[selenium-remote-driver-4.4.0.jar:?]
	at org.openqa.selenium.remote.service.DriverCommandExecutor.<init>(DriverCommandExecutor.java:80) ~[selenium-remote-driver-4.4.0.jar:?]
	at org.openqa.selenium.firefox.FirefoxDriver$FirefoxDriverCommandExecutor.<init>(FirefoxDriver.java:331) ~[selenium-firefox-driver-4.4.0.jar:?]
	at org.openqa.selenium.firefox.FirefoxDriver.<init>(FirefoxDriver.java:98) ~[selenium-firefox-driver-4.4.0.jar:?]
	at org.openqa.selenium.firefox.FirefoxDriver.<init>(FirefoxDriver.java:94) ~[selenium-firefox-driver-4.4.0.jar:?]
	at listeners.TestNgListenerDemo.test2(TestNgListenerDemo.java:27) ~[test-classes/:?]
	at jdk.internal.reflect.NativeMethodAccessorImpl.invoke0(Native Method) ~[?:?]
	at jdk.internal.reflect.NativeMethodAccessorImpl.invoke(NativeMethodAccessorImpl.java:77) ~[?:?]
	at jdk.internal.reflect.DelegatingMethodAccessorImpl.invoke(DelegatingMethodAccessorImpl.java:43) ~[?:?]
	at java.lang.reflect.Method.invoke(Method.java:568) ~[?:?]
	at org.testng.internal.invokers.MethodInvocationHelper.invokeMethod(MethodInvocationHelper.java:139) ~[testng-7.6.1.jar:7.6.1]
	at org.testng.internal.invokers.TestInvoker.invokeMethod(TestInvoker.java:677) ~[testng-7.6.1.jar:7.6.1]
	at org.testng.internal.invokers.TestInvoker.invokeTestMethod(TestInvoker.java:221) ~[testng-7.6.1.jar:7.6.1]
	at org.testng.internal.invokers.MethodRunner.runInSequence(MethodRunner.java:50) ~[testng-7.6.1.jar:7.6.1]
	at org.testng.internal.invokers.TestInvoker$MethodInvocationAgent.invoke(TestInvoker.java:962) ~[testng-7.6.1.jar:7.6.1]
	at org.testng.internal.invokers.TestInvoker.invokeTestMethods(TestInvoker.java:194) ~[testng-7.6.1.jar:7.6.1]
	at org.testng.internal.invokers.TestMethodWorker.invokeTestMethods(TestMethodWorker.java:148) ~[testng-7.6.1.jar:7.6.1]
	at org.testng.internal.invokers.TestMethodWorker.run(TestMethodWorker.java:128) ~[testng-7.6.1.jar:7.6.1]
	at java.util.ArrayList.forEach(ArrayList.java:1511) ~[?:?]
	at org.testng.TestRunner.privateRun(TestRunner.java:806) ~[testng-7.6.1.jar:7.6.1]
	at org.testng.TestRunner.run(TestRunner.java:601) ~[testng-7.6.1.jar:7.6.1]
	at org.testng.SuiteRunner.runTest(SuiteRunner.java:433) ~[testng-7.6.1.jar:7.6.1]
	at org.testng.SuiteRunner.runSequentially(SuiteRunner.java:427) ~[testng-7.6.1.jar:7.6.1]
	at org.testng.SuiteRunner.privateRun(SuiteRunner.java:387) ~[testng-7.6.1.jar:7.6.1]
	at org.testng.SuiteRunner.run(SuiteRunner.java:330) ~[testng-7.6.1.jar:7.6.1]
	at org.testng.SuiteRunnerWorker.runSuite(SuiteRunnerWorker.java:52) ~[testng-7.6.1.jar:7.6.1]
	at org.testng.SuiteRunnerWorker.run(SuiteRunnerWorker.java:95) ~[testng-7.6.1.jar:7.6.1]
	at org.testng.TestNG.runSuitesSequentially(TestNG.java:1256) ~[testng-7.6.1.jar:7.6.1]
	at org.testng.TestNG.runSuitesLocally(TestNG.java:1176) ~[testng-7.6.1.jar:7.6.1]
	at org.testng.TestNG.runSuites(TestNG.java:1099) ~[testng-7.6.1.jar:7.6.1]
	at org.testng.TestNG.run(TestNG.java:1067) ~[testng-7.6.1.jar:7.6.1]
	at org.testng.remote.AbstractRemoteTestNG.run(AbstractRemoteTestNG.java:115) ~[testng-remote.jar:?]
	at org.testng.remote.RemoteTestNG.initAndRun(RemoteTestNG.java:251) ~[testng-remote.jar:?]
	at org.testng.remote.RemoteTestNG.main(RemoteTestNG.java:77) ~[testng-remote.jar:?]
[DEBUG] 2022-09-20 19:03:43.827 [main] PlatformDependent0 - java.nio.DirectByteBuffer.<init>(long, int): unavailable
[DEBUG] 2022-09-20 19:03:43.827 [main] PlatformDependent - sun.misc.Unsafe: available
[DEBUG] 2022-09-20 19:03:43.827 [main] PlatformDependent - maxDirectMemory: 1969225728 bytes (maybe)
[DEBUG] 2022-09-20 19:03:43.828 [main] PlatformDependent - -Dio.netty.tmpdir: C:\Users\vijay\AppData\Local\Temp (java.io.tmpdir)
[DEBUG] 2022-09-20 19:03:43.828 [main] PlatformDependent - -Dio.netty.bitMode: 64 (sun.arch.data.model)
[DEBUG] 2022-09-20 19:03:43.828 [main] PlatformDependent - Platform: Windows
[DEBUG] 2022-09-20 19:03:43.829 [main] PlatformDependent - -Dio.netty.maxDirectMemory: -1 bytes
[DEBUG] 2022-09-20 19:03:43.830 [main] PlatformDependent - -Dio.netty.uninitializedArrayAllocationThreshold: -1
[DEBUG] 2022-09-20 19:03:43.831 [main] CleanerJava9 - java.nio.ByteBuffer.cleaner(): available
[DEBUG] 2022-09-20 19:03:43.832 [main] PlatformDependent - -Dio.netty.noPreferDirect: false
[DEBUG] 2022-09-20 19:03:43.843 [main] PlatformDependent - org.jctools-core.MpscChunkedArrayQueue: available
[DEBUG] 2022-09-20 19:03:43.879 [main] InternalThreadLocalMap - -Dio.netty.threadLocalMap.stringBuilder.initialSize: 1024
[DEBUG] 2022-09-20 19:03:43.879 [main] InternalThreadLocalMap - -Dio.netty.threadLocalMap.stringBuilder.maxSize: 4096
[DEBUG] 2022-09-20 19:03:44.182 [main] JdkSslContext - Default protocols (JDK): [TLSv1.3, TLSv1.2] 
[DEBUG] 2022-09-20 19:03:44.182 [main] JdkSslContext - Default cipher suites (JDK): [TLS_ECDHE_ECDSA_WITH_AES_256_GCM_SHA384, TLS_ECDHE_ECDSA_WITH_AES_128_GCM_SHA256, TLS_ECDHE_RSA_WITH_AES_128_GCM_SHA256, TLS_ECDHE_RSA_WITH_AES_256_GCM_SHA384, TLS_ECDHE_RSA_WITH_AES_128_CBC_SHA, TLS_ECDHE_RSA_WITH_AES_256_CBC_SHA, TLS_RSA_WITH_AES_128_GCM_SHA256, TLS_RSA_WITH_AES_128_CBC_SHA, TLS_RSA_WITH_AES_256_CBC_SHA, TLS_AES_128_GCM_SHA256, TLS_AES_256_GCM_SHA384]
[DEBUG] 2022-09-20 19:03:44.235 [main] MultithreadEventLoopGroup - -Dio.netty.eventLoopThreads: 24
[DEBUG] 2022-09-20 19:03:44.254 [main] NioEventLoop - -Dio.netty.noKeySetOptimization: false
[DEBUG] 2022-09-20 19:03:44.255 [main] NioEventLoop - -Dio.netty.selectorAutoRebuildThreshold: 512
[TRACE] 2022-09-20 19:03:44.282 [main] NioEventLoop - instrumented a special java.util.Set into: sun.nio.ch.WEPollSelectorImpl@2e1792e7
[TRACE] 2022-09-20 19:03:44.285 [main] NioEventLoop - instrumented a special java.util.Set into: sun.nio.ch.WEPollSelectorImpl@41e1455d
[TRACE] 2022-09-20 19:03:44.289 [main] NioEventLoop - instrumented a special java.util.Set into: sun.nio.ch.WEPollSelectorImpl@4e558728
[TRACE] 2022-09-20 19:03:44.291 [main] NioEventLoop - instrumented a special java.util.Set into: sun.nio.ch.WEPollSelectorImpl@5eccd3b9
[TRACE] 2022-09-20 19:03:44.295 [main] NioEventLoop - instrumented a special java.util.Set into: sun.nio.ch.WEPollSelectorImpl@4d6f197e
[TRACE] 2022-09-20 19:03:44.297 [main] NioEventLoop - instrumented a special java.util.Set into: sun.nio.ch.WEPollSelectorImpl@6ef7623
[TRACE] 2022-09-20 19:03:44.300 [main] NioEventLoop - instrumented a special java.util.Set into: sun.nio.ch.WEPollSelectorImpl@64e1dd11
[TRACE] 2022-09-20 19:03:44.303 [main] NioEventLoop - instrumented a special java.util.Set into: sun.nio.ch.WEPollSelectorImpl@5c089b2f
[TRACE] 2022-09-20 19:03:44.307 [main] NioEventLoop - instrumented a special java.util.Set into: sun.nio.ch.WEPollSelectorImpl@6999cd39
[TRACE] 2022-09-20 19:03:44.309 [main] NioEventLoop - instrumented a special java.util.Set into: sun.nio.ch.WEPollSelectorImpl@14bae047
[TRACE] 2022-09-20 19:03:44.312 [main] NioEventLoop - instrumented a special java.util.Set into: sun.nio.ch.WEPollSelectorImpl@7ed9ae94
[TRACE] 2022-09-20 19:03:44.315 [main] NioEventLoop - instrumented a special java.util.Set into: sun.nio.ch.WEPollSelectorImpl@66908383
[TRACE] 2022-09-20 19:03:44.317 [main] NioEventLoop - instrumented a special java.util.Set into: sun.nio.ch.WEPollSelectorImpl@41477a6d
[TRACE] 2022-09-20 19:03:44.319 [main] NioEventLoop - instrumented a special java.util.Set into: sun.nio.ch.WEPollSelectorImpl@2bc12da
[TRACE] 2022-09-20 19:03:44.323 [main] NioEventLoop - instrumented a special java.util.Set into: sun.nio.ch.WEPollSelectorImpl@3122b117
[TRACE] 2022-09-20 19:03:44.326 [main] NioEventLoop - instrumented a special java.util.Set into: sun.nio.ch.WEPollSelectorImpl@534ca02b
[TRACE] 2022-09-20 19:03:44.328 [main] NioEventLoop - instrumented a special java.util.Set into: sun.nio.ch.WEPollSelectorImpl@29a23c3d
[TRACE] 2022-09-20 19:03:44.331 [main] NioEventLoop - instrumented a special java.util.Set into: sun.nio.ch.WEPollSelectorImpl@4b6ac111
[TRACE] 2022-09-20 19:03:44.333 [main] NioEventLoop - instrumented a special java.util.Set into: sun.nio.ch.WEPollSelectorImpl@6fe46b62
[TRACE] 2022-09-20 19:03:44.336 [main] NioEventLoop - instrumented a special java.util.Set into: sun.nio.ch.WEPollSelectorImpl@591fd34d
[TRACE] 2022-09-20 19:03:44.340 [main] NioEventLoop - instrumented a special java.util.Set into: sun.nio.ch.WEPollSelectorImpl@61e45f87
[TRACE] 2022-09-20 19:03:44.343 [main] NioEventLoop - instrumented a special java.util.Set into: sun.nio.ch.WEPollSelectorImpl@7c9b78e3
[TRACE] 2022-09-20 19:03:44.347 [main] NioEventLoop - instrumented a special java.util.Set into: sun.nio.ch.WEPollSelectorImpl@3068b369
[TRACE] 2022-09-20 19:03:44.350 [main] NioEventLoop - instrumented a special java.util.Set into: sun.nio.ch.WEPollSelectorImpl@17ca8b92
[DEBUG] 2022-09-20 19:03:44.407 [main] PooledByteBufAllocator - -Dio.netty.allocator.numHeapArenas: 24
[DEBUG] 2022-09-20 19:03:44.408 [main] PooledByteBufAllocator - -Dio.netty.allocator.numDirectArenas: 24
[DEBUG] 2022-09-20 19:03:44.408 [main] PooledByteBufAllocator - -Dio.netty.allocator.pageSize: 8192
[DEBUG] 2022-09-20 19:03:44.408 [main] PooledByteBufAllocator - -Dio.netty.allocator.maxOrder: 9
[DEBUG] 2022-09-20 19:03:44.408 [main] PooledByteBufAllocator - -Dio.netty.allocator.chunkSize: 4194304
[DEBUG] 2022-09-20 19:03:44.408 [main] PooledByteBufAllocator - -Dio.netty.allocator.smallCacheSize: 256
[DEBUG] 2022-09-20 19:03:44.408 [main] PooledByteBufAllocator - -Dio.netty.allocator.normalCacheSize: 64
[DEBUG] 2022-09-20 19:03:44.408 [main] PooledByteBufAllocator - -Dio.netty.allocator.maxCachedBufferCapacity: 32768
[DEBUG] 2022-09-20 19:03:44.408 [main] PooledByteBufAllocator - -Dio.netty.allocator.cacheTrimInterval: 8192
[DEBUG] 2022-09-20 19:03:44.409 [main] PooledByteBufAllocator - -Dio.netty.allocator.cacheTrimIntervalMillis: 0
[DEBUG] 2022-09-20 19:03:44.409 [main] PooledByteBufAllocator - -Dio.netty.allocator.useCacheForAllThreads: false
[DEBUG] 2022-09-20 19:03:44.409 [main] PooledByteBufAllocator - -Dio.netty.allocator.maxCachedByteBuffersPerChunk: 1023
[DEBUG] 2022-09-20 19:03:44.429 [main] ByteBufUtil - -Dio.netty.allocator.type: pooled
[DEBUG] 2022-09-20 19:03:44.429 [main] ByteBufUtil - -Dio.netty.threadLocalDirectBufferSize: 0
[DEBUG] 2022-09-20 19:03:44.429 [main] ByteBufUtil - -Dio.netty.maxThreadLocalCharBufferSize: 16384
[DEBUG] 2022-09-20 19:03:44.856 [Forwarding newSession on session null to remote] DefaultChannelId - -Dio.netty.processId: 19752 (auto-detected)
[DEBUG] 2022-09-20 19:03:44.859 [Forwarding newSession on session null to remote] NetUtil - -Djava.net.preferIPv4Stack: false
[DEBUG] 2022-09-20 19:03:44.859 [Forwarding newSession on session null to remote] NetUtil - -Djava.net.preferIPv6Addresses: false
[DEBUG] 2022-09-20 19:03:44.873 [Forwarding newSession on session null to remote] NetUtilInitializations - Loopback interface: lo (Software Loopback Interface 1, 127.0.0.1)
[DEBUG] 2022-09-20 19:03:44.875 [Forwarding newSession on session null to remote] NetUtil - Failed to get SOMAXCONN from sysctl and file \proc\sys\net\core\somaxconn. Default: 200
[DEBUG] 2022-09-20 19:03:44.912 [Forwarding newSession on session null to remote] DefaultChannelId - -Dio.netty.machineId: d8:80:83:ff:fe:2c:04:d5 (auto-detected)
[DEBUG] 2022-09-20 19:03:45.008 [AsyncHttpClient-1-2] AbstractByteBuf - -Dio.netty.buffer.checkAccessible: true
[DEBUG] 2022-09-20 19:03:45.008 [AsyncHttpClient-1-2] AbstractByteBuf - -Dio.netty.buffer.checkBounds: true
[DEBUG] 2022-09-20 19:03:45.008 [AsyncHttpClient-1-2] ResourceLeakDetectorFactory - Loaded default ResourceLeakDetector: io.netty.util.ResourceLeakDetector@61f88976
[DEBUG] 2022-09-20 19:03:45.043 [AsyncHttpClient-1-2] Recycler - -Dio.netty.recycler.maxCapacityPerThread: 4096
[DEBUG] 2022-09-20 19:03:45.044 [AsyncHttpClient-1-2] Recycler - -Dio.netty.recycler.ratio: 8
[DEBUG] 2022-09-20 19:03:45.044 [AsyncHttpClient-1-2] Recycler - -Dio.netty.recycler.chunkSize: 32
[DEBUG] 2022-09-20 19:03:45.044 [AsyncHttpClient-1-2] Recycler - -Dio.netty.recycler.blocking: false
[DEBUG] 2022-09-20 19:03:49.086 [AsyncHttpClient-1-2] Brotli - brotli4j not in the classpath; Brotli support will be unavailable.
[DEBUG] 2022-09-20 19:03:53.792 [main] ThreadLocalRandom - -Dio.netty.initialSeedUniquifier: 0xa0e83e8d35d43653
[TRACE] 2022-09-20 19:03:54.041 [AsyncHttpClient-1-4] WebSocket08FrameDecoder - Decoding WebSocket Frame opCode=8
[TRACE] 2022-09-20 19:03:54.041 [AsyncHttpClient-1-4] WebSocket08FrameDecoder - Decoding WebSocket Frame length=0
